<?xml version="1.0" encoding="UTF-8"?>
<testsuite xmlns:xsi="http://www.w3.org/2001/XMLSchema-instance" xsi:noNamespaceSchemaLocation="https://maven.apache.org/surefire/maven-surefire-plugin/xsd/surefire-test-report-3.0.xsd" version="3.0" name="com.mobile.framework.tests.ResponsiveTest" time="375.145" tests="6" errors="0" skipped="0" failures="0">
  <properties>
[...]
</properties>
  <testcase name="validateLoginResponsive[emulator-5554, Galaxy S20 (Android 10)](1)" classname="com.mobile.framework.tests.ResponsiveTest" time="50.294">
    <system-out><![CDATA[2026-04-24 11:06:41.113 [main] INFO  com.mobile.framework.base.BaseTest - Setting up test suite...
2026-04-24 11:06:41.117 [main] INFO  com.mobile.framework.base.BaseTest - Execution type is LOCAL. Initiating local dependencies.
2026-04-24 11:06:41.118 [main] INFO  com.mobile.framework.utilities.EmulatorManager - Starting ADB server...
2026-04-24 11:06:41.125 [main] INFO  com.mobile.framework.utilities.EmulatorManager - ADB server started successfully
2026-04-24 11:06:41.125 [main] INFO  com.mobile.framework.base.BaseTest - ADB server started successfully
2026-04-24 11:06:41.131 [main] INFO  com.mobile.framework.base.BaseTest - No device connected, starting emulator...
2026-04-24 11:06:41.132 [main] INFO  com.mobile.framework.utilities.EmulatorManager - Starting Android emulator: Pixel_9_Pro_API_33 on port: 5554
2026-04-24 11:06:41.134 [main] INFO  com.mobile.framework.utilities.EmulatorManager - Waiting for emulator to boot...
2026-04-24 11:07:21.297 [main] INFO  com.mobile.framework.utilities.EmulatorManager - Waiting for emulator to boot... attempt 1/30
2026-04-24 11:07:31.394 [main] INFO  com.mobile.framework.utilities.EmulatorManager - Waiting for emulator to boot... attempt 2/30
2026-04-24 11:07:31.504 [main] INFO  com.mobile.framework.utilities.EmulatorManager - Emulator is ready for use
2026-04-24 11:07:31.509 [main] INFO  com.mobile.framework.utilities.EmulatorManager - Emulator started successfully: Pixel_9_Pro_API_33 on port: 5554
2026-04-24 11:07:31.519 [main] INFO  com.mobile.framework.drivers.AppiumServerManager - Starting Appium Server...
dbug Appium Creating hash file directory: /home/wadmin/node_modules/.cache/appium
WARN Appium Appium encountered 2 warnings while validating drivers found in manifest /home/wadmin/node_modules/.cache/appium/extensions.yaml
WARN Appium Driver "xcuitest" has 1 potential problem: 
WARN Appium   - Driver "xcuitest" (package `appium-xcuitest-driver`) may be incompatible with the current version of Appium (v3.2.2) due to its peer dependency on Appium ^2.5.4. Please install a compatible version of the driver.
&amp#27;[38;5;112m[Appium]&amp#27;[0m Welcome to Appium v3.2.2 (REV 977563e97ddc66facf3a8e31c6cff01d236f09bd)
&amp#27;[38;5;112m[Appium]&amp#27;[0m Non-default server args:
&amp#27;[38;5;112m[Appium]&amp#27;[0m { address: &amp#27;[32m'127.0.0.1'&amp#27;[39m, loglevel: &amp#27;[32m'info'&amp#27;[39m, sessionOverride: &amp#27;[33mtrue&amp#27;[39m }
&amp#27;[38;5;112m[Appium]&amp#27;[0m Attempting to load driver uiautomator2...
&amp#27;[38;5;112m[Appium]&amp#27;[0m Attempting to load driver xcuitest...
&amp#27;[38;5;112m[Appium]&amp#27;[0m Appium REST http interface listener started on http://127.0.0.1:4723
&amp#27;[38;5;112m[Appium]&amp#27;[0m Available drivers:
&amp#27;[38;5;112m[Appium]&amp#27;[0m   - uiautomator2@4.2.3 (automationName 'UiAutomator2')
&amp#27;[38;5;112m[Appium]&amp#27;[0m   - xcuitest@9.10.5 (automationName 'XCUITest')
&amp#27;[38;5;112m[Appium]&amp#27;[0m No plugins have been installed. Use the "appium plugin" command to install the one(s) you want to use.
&amp#27;[38;5;86m[HTTP]&amp#27;[0m &amp#27;[37m-->&amp#27;[39m &amp#27;[37mGET&amp#27;[39m &amp#27;[37m/status&amp#27;[39m &amp#27;[90m&amp#27;[39m
&amp#27;[38;5;86m[HTTP]&amp#27;[0m &amp#27;[37m<-- GET /status &amp#27;[39m&amp#27;[32m200&amp#27;[39m &amp#27;[90m11 ms - 199&amp#27;[39m
&amp#27;[38;5;86m[HTTP]&amp#27;[0m &amp#27;[37m-->&amp#27;[39m &amp#27;[37mGET&amp#27;[39m &amp#27;[37m/status&amp#27;[39m &amp#27;[90m&amp#27;[39m
&amp#27;[38;5;86m[HTTP]&amp#27;[0m &amp#27;[37m<-- GET /status &amp#27;[39m&amp#27;[32m200&amp#27;[39m &amp#27;[90m2 ms - 199&amp#27;[39m
2026-04-24 11:07:40.902 [main] INFO  com.mobile.framework.drivers.AppiumServerManager - Appium Server started successfully on 127.0.0.1:4723
2026-04-24 11:07:40.903 [main] INFO  com.mobile.framework.base.BaseTest - Appium server started successfully
2026-04-24 11:07:41.079 [main] INFO  com.mobile.framework.base.BaseTest - Setting up test method...
2026-04-24 11:07:41.110 [main] INFO  com.mobile.framework.drivers.DriverFactory - Initializing Appium Driver for null...
&amp#27;[38;5;86m[HTTP]&amp#27;[0m &amp#27;[37m-->&amp#27;[39m &amp#27;[37mPOST&amp#27;[39m &amp#27;[37m/session&amp#27;[39m &amp#27;[90m{"capabilities":{"firstMatch":[{}],"alwaysMatch":{"appium:app":"/home/wadmin/Downloads/Mobile_automation1 (1)/Mobile_automation/src/main/resources/app/Rooms_v23_03_26_STAGING.apk","appium:appActivity":"com.roomservice.realstate.Ui.SplashScreen2","appium:appPackage":"com.roomservice.realstate","appium:automationName":"UiAutomator2","appium:newCommandTimeout":300,"platformName":"ANDROID"}}}&amp#27;[39m
&amp#27;[38;5;112m[Appium]&amp#27;[0m Attempting to find matching driver for automationName 'UiAutomator2' and platformName 'ANDROID'
&amp#27;[38;5;112m[Appium]&amp#27;[0m The 'uiautomator2' driver was installed and matched caps.
&amp#27;[38;5;112m[Appium]&amp#27;[0m Will require it at /home/wadmin/node_modules/appium-uiautomator2-driver
&amp#27;[38;5;137m[AppiumDriver@3549]&amp#27;[0m Appium v3.2.2 creating new AndroidUiautomator2Driver (v4.2.3) session
&amp#27;[38;5;137m[AppiumDriver@3549]&amp#27;[0m Checking BaseDriver versions for Appium and AndroidUiautomator2Driver
&amp#27;[38;5;137m[AppiumDriver@3549]&amp#27;[0m Appium's BaseDriver version is 10.2.2
&amp#27;[38;5;137m[AppiumDriver@3549]&amp#27;[0m AndroidUiautomator2Driver's BaseDriver version is 9.16.4
&amp#27;[38;5;88m[14066beb]&amp#27;[0m&amp#27;[38;5;-17m[AndroidUiautomator2Driver@5d50]&amp#27;[0m Session created with session id: 14066beb-acfa-4c4c-8835-159e2375a862
&amp#27;[38;5;88m[14066beb]&amp#27;[0m&amp#27;[38;5;229m[ADB]&amp#27;[0m Found 1 'build-tools' folders under '/home/wadmin/android-sdk' (newest first):
&amp#27;[38;5;88m[14066beb]&amp#27;[0m&amp#27;[38;5;229m[ADB]&amp#27;[0m     /home/wadmin/android-sdk/build-tools/29.0.3
&amp#27;[38;5;88m[14066beb]&amp#27;[0m&amp#27;[38;5;229m[ADB]&amp#27;[0m Using 'adb' from '/home/wadmin/android-sdk/platform-tools/adb'
&amp#27;[38;5;88m[14066beb]&amp#27;[0m&amp#27;[38;5;-17m[AndroidUiautomator2Driver@5d50]&amp#27;[0m Retrieving device list
&amp#27;[38;5;88m[14066beb]&amp#27;[0m&amp#27;[38;5;-17m[AndroidUiautomator2Driver@5d50]&amp#27;[0m Using device: emulator-5554
&amp#27;[38;5;88m[14066beb]&amp#27;[0m&amp#27;[38;5;229m[ADB]&amp#27;[0m Using 'adb' from '/home/wadmin/android-sdk/platform-tools/adb'
&amp#27;[38;5;88m[14066beb]&amp#27;[0m&amp#27;[38;5;123m[BaseDriver]&amp#27;[0m Using local app '/home/wadmin/Downloads/Mobile_automation1 (1)/Mobile_automation/src/main/resources/app/Rooms_v23_03_26_STAGING.apk'
&amp#27;[38;5;88m[14066beb]&amp#27;[0m&amp#27;[38;5;229m[ADB]&amp#27;[0m Getting device platform version
&amp#27;[38;5;88m[14066beb]&amp#27;[0m&amp#27;[38;5;-17m[AndroidUiautomator2Driver@5d50]&amp#27;[0m Relaxing hidden api policy
&amp#27;[38;5;88m[14066beb]&amp#27;[0m&amp#27;[38;5;229m[ADB]&amp#27;[0m Using 'aapt2' from '/home/wadmin/android-sdk/build-tools/29.0.3/aapt2'
&amp#27;[38;5;88m[14066beb]&amp#27;[0m&amp#27;[38;5;229m[ADB]&amp#27;[0m Using 'apksigner.jar' from '/home/wadmin/android-sdk/build-tools/29.0.3/lib/apksigner.jar'
&amp#27;[38;5;88m[14066beb]&amp#27;[0m&amp#27;[38;5;229m[ADB]&amp#27;[0m '/home/wadmin/Downloads/Mobile_automation1 (1)/Mobile_automation/src/main/resources/app/Rooms_v23_03_26_STAGING.apk' is signed with a non-default certificate
&amp#27;[38;5;88m[14066beb]&amp#27;[0m&amp#27;[38;5;-17m[AndroidUiautomator2Driver@5d50]&amp#27;[0m Server packages are not going to be (re)installed
&amp#27;[38;5;88m[14066beb]&amp#27;[0m&amp#27;[38;5;229m[ADB]&amp#27;[0m Adding packages ["io.appium.settings","io.appium.uiautomator2.server","io.appium.uiautomator2.server.test"] to Doze whitelist
&amp#27;[38;5;88m[14066beb]&amp#27;[0m&amp#27;[38;5;-17m[AndroidUiautomator2Driver@5d50]&amp#27;[0m Performing fast reset on 'com.roomservice.realstate'
&amp#27;[38;5;88m[14066beb]&amp#27;[0m&amp#27;[38;5;-17m[AndroidUiautomator2Driver@5d50]&amp#27;[0m Starting UIAutomator2 server 7.5.2
&amp#27;[38;5;88m[14066beb]&amp#27;[0m&amp#27;[38;5;-17m[AndroidUiautomator2Driver@5d50]&amp#27;[0m Using UIAutomator2 server from '/home/wadmin/node_modules/appium-uiautomator2-driver/node_modules/appium-uiautomator2-server/apks/appium-uiautomator2-server-v7.5.2.apk' and test from '/home/wadmin/node_modules/appium-uiautomator2-driver/node_modules/appium-uiautomator2-server/apks/appium-uiautomator2-server-debug-androidTest.apk'
&amp#27;[38;5;88m[14066beb]&amp#27;[0m&amp#27;[38;5;-17m[AndroidUiautomator2Driver@5d50]&amp#27;[0m Waiting up to 30000ms for UiAutomator2 to be online...
&amp#27;[38;5;88m[14066beb]&amp#27;[0m&amp#27;[38;5;-17m[AndroidUiautomator2Driver@5d50]&amp#27;[0m socket hang up
&amp#27;[38;5;88m[14066beb]&amp#27;[0m&amp#27;[38;5;-17m[AndroidUiautomator2Driver@5d50]&amp#27;[0m socket hang up
&amp#27;[38;5;88m[14066beb]&amp#27;[0m&amp#27;[38;5;-17m[AndroidUiautomator2Driver@5d50]&amp#27;[0m socket hang up
&amp#27;[38;5;88m[14066beb]&amp#27;[0m&amp#27;[38;5;-17m[AndroidUiautomator2Driver@5d50]&amp#27;[0m socket hang up
&amp#27;[38;5;88m[14066beb]&amp#27;[0m&amp#27;[38;5;-17m[AndroidUiautomator2Driver@5d50]&amp#27;[0m socket hang up
&amp#27;[38;5;88m[14066beb]&amp#27;[0m&amp#27;[38;5;-17m[AndroidUiautomator2Driver@5d50]&amp#27;[0m socket hang up
&amp#27;[38;5;88m[14066beb]&amp#27;[0m&amp#27;[38;5;-17m[AndroidUiautomator2Driver@5d50]&amp#27;[0m socket hang up
&amp#27;[38;5;88m[14066beb]&amp#27;[0m&amp#27;[38;5;-17m[AndroidUiautomator2Driver@5d50]&amp#27;[0m socket hang up
&amp#27;[38;5;88m[14066beb]&amp#27;[0m&amp#27;[38;5;-17m[AndroidUiautomator2Driver@5d50]&amp#27;[0m socket hang up
&amp#27;[38;5;88m[14066beb]&amp#27;[0m&amp#27;[38;5;-17m[AndroidUiautomator2Driver@5d50]&amp#27;[0m socket hang up
&amp#27;[38;5;88m[14066beb]&amp#27;[0m&amp#27;[38;5;-17m[AndroidUiautomator2Driver@5d50]&amp#27;[0m Determined the downstream protocol as 'W3C'
&amp#27;[38;5;88m[14066beb]&amp#27;[0m&amp#27;[38;5;-17m[AndroidUiautomator2Driver@5d50]&amp#27;[0m Screen already unlocked, doing nothing
&amp#27;[38;5;88m[14066beb]&amp#27;[0m&amp#27;[38;5;-17m[AndroidUiautomator2Driver@5d50]&amp#27;[0m Starting 'com.roomservice.realstate/com.roomservice.realstate.Ui.SplashScreen2' and waiting for 'com.roomservice.realstate/com.roomservice.realstate.Ui.SplashScreen2'
&amp#27;[38;5;88m[14066beb]&amp#27;[0m&amp#27;[38;5;137m[AppiumDriver@3549]&amp#27;[0m New AndroidUiautomator2Driver session created successfully, session 14066beb-acfa-4c4c-8835-159e2375a862 added to master session list
&amp#27;[38;5;88m[14066beb]&amp#27;[0m&amp#27;[38;5;86m[HTTP]&amp#27;[0m &amp#27;[37m<-- POST /session &amp#27;[39m&amp#27;[32m200&amp#27;[39m &amp#27;[90m27367 ms - 1217&amp#27;[39m
&amp#27;[38;5;88m[14066beb]&amp#27;[0m&amp#27;[38;5;86m[HTTP]&amp#27;[0m &amp#27;[37m-->&amp#27;[39m &amp#27;[37mPOST&amp#27;[39m &amp#27;[37m/session/14066beb-acfa-4c4c-8835-159e2375a862/timeouts&amp#27;[39m &amp#27;[90m{"implicit":10000}&amp#27;[39m
&amp#27;[38;5;88m[14066beb]&amp#27;[0m&amp#27;[38;5;86m[HTTP]&amp#27;[0m &amp#27;[37m<-- POST /session/14066beb-acfa-4c4c-8835-159e2375a862/timeouts &amp#27;[39m&amp#27;[32m200&amp#27;[39m &amp#27;[90m12 ms - 14&amp#27;[39m
2026-04-24 11:08:11.187 [main] INFO  com.mobile.framework.drivers.DriverFactory - Appium Driver initialized successfully for null
2026-04-24 11:08:11.187 [main] INFO  com.mobile.framework.base.BaseTest - Driver initialized successfully for device: null
2026-04-24 11:08:11.200 [main] INFO  com.mobile.framework.tests.ResponsiveTest - >>> Validating: Galaxy S20 (Android 10)
2026-04-24 11:08:11.246 [main] INFO  com.mobile.framework.utilities.LocalDeviceManager - Set resolution to 1080x2400 for emulator-5554
2026-04-24 11:08:11.254 [main] INFO  com.mobile.framework.utilities.LocalDeviceManager - Set density to 480 for emulator-5554
2026-04-24 11:08:11.255 [main] INFO  com.mobile.framework.drivers.DriverFactory - Initializing Appium Driver for Galaxy S20 (Android 10)...
&amp#27;[38;5;86m[HTTP]&amp#27;[0m &amp#27;[37m-->&amp#27;[39m &amp#27;[37mPOST&amp#27;[39m &amp#27;[37m/session&amp#27;[39m &amp#27;[90m{"capabilities":{"firstMatch":[{}],"alwaysMatch":{"appium:app":"/home/wadmin/Downloads/Mobile_automation1 (1)/Mobile_automation/src/main/resources/app/Rooms_v23_03_26_STAGING.apk","appium:appActivity":"com.roomservice.realstate.Ui.SplashScreen2","appium:appPackage":"com.roomservice.realstate","appium:automationName":"UiAutomator2","appium:deviceName":"emulator-5554","appium:newCommandTimeout":300,"appium:udid":"emulator-5554","platformName":"ANDROID"}}}&amp#27;[39m
&amp#27;[38;5;112m[Appium]&amp#27;[0m Attempting to find matching driver for automationName 'UiAutomator2' and platformName 'ANDROID'
&amp#27;[38;5;112m[Appium]&amp#27;[0m The 'uiautomator2' driver was installed and matched caps.
&amp#27;[38;5;112m[Appium]&amp#27;[0m Will require it at /home/wadmin/node_modules/appium-uiautomator2-driver
&amp#27;[38;5;137m[AppiumDriver@3549]&amp#27;[0m Appium v3.2.2 creating new AndroidUiautomator2Driver (v4.2.3) session
&amp#27;[38;5;137m[AppiumDriver@3549]&amp#27;[0m Checking BaseDriver versions for Appium and AndroidUiautomator2Driver
&amp#27;[38;5;137m[AppiumDriver@3549]&amp#27;[0m Appium's BaseDriver version is 10.2.2
&amp#27;[38;5;137m[AppiumDriver@3549]&amp#27;[0m AndroidUiautomator2Driver's BaseDriver version is 9.16.4
&amp#27;[38;5;137m[AppiumDriver@3549]&amp#27;[0m Removing session 14066beb-acfa-4c4c-8835-159e2375a862 from our master session list
&amp#27;[38;5;-17m[AndroidUiautomator2Driver@5d50]&amp#27;[0m Restoring hidden api policy to the device default configuration
&amp#27;[38;5;218m[a34db9f7]&amp#27;[0m&amp#27;[38;5;-101m[AndroidUiautomator2Driver@b130]&amp#27;[0m Session created with session id: a34db9f7-205b-455f-bbf3-fd5f1d4b1dd2
&amp#27;[38;5;218m[a34db9f7]&amp#27;[0m&amp#27;[38;5;229m[ADB]&amp#27;[0m Using 'adb' from '/home/wadmin/android-sdk/platform-tools/adb'
&amp#27;[38;5;218m[a34db9f7]&amp#27;[0m&amp#27;[38;5;-101m[AndroidUiautomator2Driver@b130]&amp#27;[0m Retrieving device list
&amp#27;[38;5;218m[a34db9f7]&amp#27;[0m&amp#27;[38;5;-101m[AndroidUiautomator2Driver@b130]&amp#27;[0m Using device: emulator-5554
&amp#27;[38;5;218m[a34db9f7]&amp#27;[0m&amp#27;[38;5;229m[ADB]&amp#27;[0m Using 'adb' from '/home/wadmin/android-sdk/platform-tools/adb'
&amp#27;[38;5;218m[a34db9f7]&amp#27;[0m&amp#27;[38;5;123m[BaseDriver]&amp#27;[0m Using local app '/home/wadmin/Downloads/Mobile_automation1 (1)/Mobile_automation/src/main/resources/app/Rooms_v23_03_26_STAGING.apk'
&amp#27;[38;5;218m[a34db9f7]&amp#27;[0m&amp#27;[38;5;229m[ADB]&amp#27;[0m Getting device platform version
&amp#27;[38;5;218m[a34db9f7]&amp#27;[0m&amp#27;[38;5;-101m[AndroidUiautomator2Driver@b130]&amp#27;[0m Relaxing hidden api policy
&amp#27;[38;5;218m[a34db9f7]&amp#27;[0m&amp#27;[38;5;229m[ADB]&amp#27;[0m Using 'aapt2' from '/home/wadmin/android-sdk/build-tools/29.0.3/aapt2'
&amp#27;[38;5;218m[a34db9f7]&amp#27;[0m&amp#27;[38;5;-101m[AndroidUiautomator2Driver@b130]&amp#27;[0m Server packages are not going to be (re)installed
&amp#27;[38;5;218m[a34db9f7]&amp#27;[0m&amp#27;[38;5;229m[ADB]&amp#27;[0m Adding packages ["io.appium.settings","io.appium.uiautomator2.server","io.appium.uiautomator2.server.test"] to Doze whitelist
&amp#27;[38;5;218m[a34db9f7]&amp#27;[0m&amp#27;[38;5;-101m[AndroidUiautomator2Driver@b130]&amp#27;[0m Performing fast reset on 'com.roomservice.realstate'
&amp#27;[38;5;218m[a34db9f7]&amp#27;[0m&amp#27;[38;5;-101m[AndroidUiautomator2Driver@b130]&amp#27;[0m Starting UIAutomator2 server 7.5.2
&amp#27;[38;5;218m[a34db9f7]&amp#27;[0m&amp#27;[38;5;-101m[AndroidUiautomator2Driver@b130]&amp#27;[0m Using UIAutomator2 server from '/home/wadmin/node_modules/appium-uiautomator2-driver/node_modules/appium-uiautomator2-server/apks/appium-uiautomator2-server-v7.5.2.apk' and test from '/home/wadmin/node_modules/appium-uiautomator2-driver/node_modules/appium-uiautomator2-server/apks/appium-uiautomator2-server-debug-androidTest.apk'
&amp#27;[38;5;218m[a34db9f7]&amp#27;[0m&amp#27;[38;5;-101m[AndroidUiautomator2Driver@b130]&amp#27;[0m Waiting up to 30000ms for UiAutomator2 to be online...
&amp#27;[38;5;218m[a34db9f7]&amp#27;[0m&amp#27;[38;5;-101m[AndroidUiautomator2Driver@b130]&amp#27;[0m socket hang up
&amp#27;[38;5;218m[a34db9f7]&amp#27;[0m&amp#27;[38;5;-101m[AndroidUiautomator2Driver@b130]&amp#27;[0m socket hang up
&amp#27;[38;5;218m[a34db9f7]&amp#27;[0m&amp#27;[38;5;-101m[AndroidUiautomator2Driver@b130]&amp#27;[0m socket hang up
&amp#27;[38;5;218m[a34db9f7]&amp#27;[0m&amp#27;[38;5;-101m[AndroidUiautomator2Driver@b130]&amp#27;[0m socket hang up
&amp#27;[38;5;218m[a34db9f7]&amp#27;[0m&amp#27;[38;5;-101m[AndroidUiautomator2Driver@b130]&amp#27;[0m socket hang up
&amp#27;[38;5;218m[a34db9f7]&amp#27;[0m&amp#27;[38;5;-101m[AndroidUiautomator2Driver@b130]&amp#27;[0m socket hang up
&amp#27;[38;5;218m[a34db9f7]&amp#27;[0m&amp#27;[38;5;-101m[AndroidUiautomator2Driver@b130]&amp#27;[0m socket hang up
&amp#27;[38;5;218m[a34db9f7]&amp#27;[0m&amp#27;[38;5;-101m[AndroidUiautomator2Driver@b130]&amp#27;[0m socket hang up
&amp#27;[38;5;218m[a34db9f7]&amp#27;[0m&amp#27;[38;5;-101m[AndroidUiautomator2Driver@b130]&amp#27;[0m Determined the downstream protocol as 'W3C'
&amp#27;[38;5;218m[a34db9f7]&amp#27;[0m&amp#27;[38;5;-101m[AndroidUiautomator2Driver@b130]&amp#27;[0m Screen already unlocked, doing nothing
&amp#27;[38;5;218m[a34db9f7]&amp#27;[0m&amp#27;[38;5;-101m[AndroidUiautomator2Driver@b130]&amp#27;[0m Starting 'com.roomservice.realstate/com.roomservice.realstate.Ui.SplashScreen2' and waiting for 'com.roomservice.realstate/com.roomservice.realstate.Ui.SplashScreen2'
&amp#27;[38;5;218m[a34db9f7]&amp#27;[0m&amp#27;[38;5;137m[AppiumDriver@3549]&amp#27;[0m New AndroidUiautomator2Driver session created successfully, session a34db9f7-205b-455f-bbf3-fd5f1d4b1dd2 added to master session list
&amp#27;[38;5;218m[a34db9f7]&amp#27;[0m&amp#27;[38;5;86m[HTTP]&amp#27;[0m &amp#27;[37m<-- POST /session &amp#27;[39m&amp#27;[32m200&amp#27;[39m &amp#27;[90m27514 ms - 1292&amp#27;[39m
&amp#27;[38;5;218m[a34db9f7]&amp#27;[0m&amp#27;[38;5;86m[HTTP]&amp#27;[0m &amp#27;[37m-->&amp#27;[39m &amp#27;[37mPOST&amp#27;[39m &amp#27;[37m/session/a34db9f7-205b-455f-bbf3-fd5f1d4b1dd2/timeouts&amp#27;[39m &amp#27;[90m{"implicit":10000}&amp#27;[39m
&amp#27;[38;5;218m[a34db9f7]&amp#27;[0m&amp#27;[38;5;86m[HTTP]&amp#27;[0m &amp#27;[37m<-- POST /session/a34db9f7-205b-455f-bbf3-fd5f1d4b1dd2/timeouts &amp#27;[39m&amp#27;[32m200&amp#27;[39m &amp#27;[90m4 ms - 14&amp#27;[39m
2026-04-24 11:08:38.848 [main] INFO  com.mobile.framework.drivers.DriverFactory - Appium Driver initialized successfully for Galaxy S20 (Android 10)
&amp#27;[38;5;218m[a34db9f7]&amp#27;[0m&amp#27;[38;5;86m[HTTP]&amp#27;[0m &amp#27;[37m-->&amp#27;[39m &amp#27;[37mGET&amp#27;[39m &amp#27;[37m/session/a34db9f7-205b-455f-bbf3-fd5f1d4b1dd2/window/rect&amp#27;[39m &amp#27;[90m&amp#27;[39m
&amp#27;[38;5;218m[a34db9f7]&amp#27;[0m&amp#27;[38;5;86m[HTTP]&amp#27;[0m &amp#27;[37m<-- GET /session/a34db9f7-205b-455f-bbf3-fd5f1d4b1dd2/window/rect &amp#27;[39m&amp#27;[32m200&amp#27;[39m &amp#27;[90m2140 ms - 50&amp#27;[39m
&amp#27;[38;5;218m[a34db9f7]&amp#27;[0m&amp#27;[38;5;86m[HTTP]&amp#27;[0m &amp#27;[37m-->&amp#27;[39m &amp#27;[37mPOST&amp#27;[39m &amp#27;[37m/session/a34db9f7-205b-455f-bbf3-fd5f1d4b1dd2/element&amp#27;[39m &amp#27;[90m{"using":"id","value":"com.android.permissioncontroller:id/permission_allow_button"}&amp#27;[39m
&amp#27;[38;5;218m[a34db9f7]&amp#27;[0m&amp#27;[38;5;-101m[AndroidUiautomator2Driver@b130]&amp#27;[0m Got response with status 404: {"sessionId":"f199d025-103e-435a-8048-343db456cc3d","value":{"error":"no such element","message":"An element could not be located on the page using the given search parameters","stacktrace":"io.appium.uiautomator2.common.exceptions.ElementNotFoundException: An element could not be located on the page using the given search parameters\n\tat io.appium.uiautomator2.handler.FindElement.safeHandle(FindElement.java:63)\n\tat io.appium.uiautomator2.handler.request.SafeRequestHandler.handle(SafeRequestHandler.java:59)\n\tat io.appium.uiautomator2.server.AppiumServlet.handleRequest(AppiumServlet.java:259)\n\tat io.appium.uiautomator2.server.AppiumServlet.handleHttpRequest(AppiumServlet.java:253)\n\tat io.appium.uiautomator2.http.ServerHandler.channelRead(ServerHandler.java:77)\n\tat io.netty.channel.AbstractChannelHandlerContext.invokeChannelRead(AbstractChannelHandlerContext.java:374)\n\tat io.netty.channel.AbstractChannelHandlerContext.invokeChannelRead(AbstractChannelHandlerContext.java:360)\n\tat io.netty.chann...
&amp#27;[38;5;218m[a34db9f7]&amp#27;[0m&amp#27;[38;5;-101m[AndroidUiautomator2Driver@b130]&amp#27;[0m Got response with status 404: {"sessionId":"f199d025-103e-435a-8048-343db456cc3d","value":{"error":"no such element","message":"An element could not be located on the page using the given search parameters","stacktrace":"io.appium.uiautomator2.common.exceptions.ElementNotFoundException: An element could not be located on the page using the given search parameters\n\tat io.appium.uiautomator2.handler.FindElement.safeHandle(FindElement.java:63)\n\tat io.appium.uiautomator2.handler.request.SafeRequestHandler.handle(SafeRequestHandler.java:59)\n\tat io.appium.uiautomator2.server.AppiumServlet.handleRequest(AppiumServlet.java:259)\n\tat io.appium.uiautomator2.server.AppiumServlet.handleHttpRequest(AppiumServlet.java:253)\n\tat io.appium.uiautomator2.http.ServerHandler.channelRead(ServerHandler.java:77)\n\tat io.netty.channel.AbstractChannelHandlerContext.invokeChannelRead(AbstractChannelHandlerContext.java:374)\n\tat io.netty.channel.AbstractChannelHandlerContext.invokeChannelRead(AbstractChannelHandlerContext.java:360)\n\tat io.netty.chann...
&amp#27;[38;5;218m[a34db9f7]&amp#27;[0m&amp#27;[38;5;-101m[AndroidUiautomator2Driver@b130]&amp#27;[0m Got response with status 404: {"sessionId":"f199d025-103e-435a-8048-343db456cc3d","value":{"error":"no such element","message":"An element could not be located on the page using the given search parameters","stacktrace":"io.appium.uiautomator2.common.exceptions.ElementNotFoundException: An element could not be located on the page using the given search parameters\n\tat io.appium.uiautomator2.handler.FindElement.safeHandle(FindElement.java:63)\n\tat io.appium.uiautomator2.handler.request.SafeRequestHandler.handle(SafeRequestHandler.java:59)\n\tat io.appium.uiautomator2.server.AppiumServlet.handleRequest(AppiumServlet.java:259)\n\tat io.appium.uiautomator2.server.AppiumServlet.handleHttpRequest(AppiumServlet.java:253)\n\tat io.appium.uiautomator2.http.ServerHandler.channelRead(ServerHandler.java:77)\n\tat io.netty.channel.AbstractChannelHandlerContext.invokeChannelRead(AbstractChannelHandlerContext.java:374)\n\tat io.netty.channel.AbstractChannelHandlerContext.invokeChannelRead(AbstractChannelHandlerContext.java:360)\n\tat io.netty.chann...
&amp#27;[38;5;218m[a34db9f7]&amp#27;[0m&amp#27;[38;5;-101m[AndroidUiautomator2Driver@b130]&amp#27;[0m Got response with status 404: {"sessionId":"f199d025-103e-435a-8048-343db456cc3d","value":{"error":"no such element","message":"An element could not be located on the page using the given search parameters","stacktrace":"io.appium.uiautomator2.common.exceptions.ElementNotFoundException: An element could not be located on the page using the given search parameters\n\tat io.appium.uiautomator2.handler.FindElement.safeHandle(FindElement.java:63)\n\tat io.appium.uiautomator2.handler.request.SafeRequestHandler.handle(SafeRequestHandler.java:59)\n\tat io.appium.uiautomator2.server.AppiumServlet.handleRequest(AppiumServlet.java:259)\n\tat io.appium.uiautomator2.server.AppiumServlet.handleHttpRequest(AppiumServlet.java:253)\n\tat io.appium.uiautomator2.http.ServerHandler.channelRead(ServerHandler.java:77)\n\tat io.netty.channel.AbstractChannelHandlerContext.invokeChannelRead(AbstractChannelHandlerContext.java:374)\n\tat io.netty.channel.AbstractChannelHandlerContext.invokeChannelRead(AbstractChannelHandlerContext.java:360)\n\tat io.netty.chann...
&amp#27;[38;5;218m[a34db9f7]&amp#27;[0m&amp#27;[38;5;-101m[AndroidUiautomator2Driver@b130]&amp#27;[0m Got response with status 404: {"sessionId":"f199d025-103e-435a-8048-343db456cc3d","value":{"error":"no such element","message":"An element could not be located on the page using the given search parameters","stacktrace":"io.appium.uiautomator2.common.exceptions.ElementNotFoundException: An element could not be located on the page using the given search parameters\n\tat io.appium.uiautomator2.handler.FindElement.safeHandle(FindElement.java:63)\n\tat io.appium.uiautomator2.handler.request.SafeRequestHandler.handle(SafeRequestHandler.java:59)\n\tat io.appium.uiautomator2.server.AppiumServlet.handleRequest(AppiumServlet.java:259)\n\tat io.appium.uiautomator2.server.AppiumServlet.handleHttpRequest(AppiumServlet.java:253)\n\tat io.appium.uiautomator2.http.ServerHandler.channelRead(ServerHandler.java:77)\n\tat io.netty.channel.AbstractChannelHandlerContext.invokeChannelRead(AbstractChannelHandlerContext.java:374)\n\tat io.netty.channel.AbstractChannelHandlerContext.invokeChannelRead(AbstractChannelHandlerContext.java:360)\n\tat io.netty.chann...
&amp#27;[38;5;218m[a34db9f7]&amp#27;[0m&amp#27;[38;5;-101m[AndroidUiautomator2Driver@b130]&amp#27;[0m Got response with status 404: {"sessionId":"f199d025-103e-435a-8048-343db456cc3d","value":{"error":"no such element","message":"An element could not be located on the page using the given search parameters","stacktrace":"io.appium.uiautomator2.common.exceptions.ElementNotFoundException: An element could not be located on the page using the given search parameters\n\tat io.appium.uiautomator2.handler.FindElement.safeHandle(FindElement.java:63)\n\tat io.appium.uiautomator2.handler.request.SafeRequestHandler.handle(SafeRequestHandler.java:59)\n\tat io.appium.uiautomator2.server.AppiumServlet.handleRequest(AppiumServlet.java:259)\n\tat io.appium.uiautomator2.server.AppiumServlet.handleHttpRequest(AppiumServlet.java:253)\n\tat io.appium.uiautomator2.http.ServerHandler.channelRead(ServerHandler.java:77)\n\tat io.netty.channel.AbstractChannelHandlerContext.invokeChannelRead(AbstractChannelHandlerContext.java:374)\n\tat io.netty.channel.AbstractChannelHandlerContext.invokeChannelRead(AbstractChannelHandlerContext.java:360)\n\tat io.netty.chann...
&amp#27;[38;5;218m[a34db9f7]&amp#27;[0m&amp#27;[38;5;-101m[AndroidUiautomator2Driver@b130]&amp#27;[0m Got response with status 404: {"sessionId":"f199d025-103e-435a-8048-343db456cc3d","value":{"error":"no such element","message":"An element could not be located on the page using the given search parameters","stacktrace":"io.appium.uiautomator2.common.exceptions.ElementNotFoundException: An element could not be located on the page using the given search parameters\n\tat io.appium.uiautomator2.handler.FindElement.safeHandle(FindElement.java:63)\n\tat io.appium.uiautomator2.handler.request.SafeRequestHandler.handle(SafeRequestHandler.java:59)\n\tat io.appium.uiautomator2.server.AppiumServlet.handleRequest(AppiumServlet.java:259)\n\tat io.appium.uiautomator2.server.AppiumServlet.handleHttpRequest(AppiumServlet.java:253)\n\tat io.appium.uiautomator2.http.ServerHandler.channelRead(ServerHandler.java:77)\n\tat io.netty.channel.AbstractChannelHandlerContext.invokeChannelRead(AbstractChannelHandlerContext.java:374)\n\tat io.netty.channel.AbstractChannelHandlerContext.invokeChannelRead(AbstractChannelHandlerContext.java:360)\n\tat io.netty.chann...
&amp#27;[38;5;218m[a34db9f7]&amp#27;[0m&amp#27;[38;5;-101m[AndroidUiautomator2Driver@b130]&amp#27;[0m Got response with status 404: {"sessionId":"f199d025-103e-435a-8048-343db456cc3d","value":{"error":"no such element","message":"An element could not be located on the page using the given search parameters","stacktrace":"io.appium.uiautomator2.common.exceptions.ElementNotFoundException: An element could not be located on the page using the given search parameters\n\tat io.appium.uiautomator2.handler.FindElement.safeHandle(FindElement.java:63)\n\tat io.appium.uiautomator2.handler.request.SafeRequestHandler.handle(SafeRequestHandler.java:59)\n\tat io.appium.uiautomator2.server.AppiumServlet.handleRequest(AppiumServlet.java:259)\n\tat io.appium.uiautomator2.server.AppiumServlet.handleHttpRequest(AppiumServlet.java:253)\n\tat io.appium.uiautomator2.http.ServerHandler.channelRead(ServerHandler.java:77)\n\tat io.netty.channel.AbstractChannelHandlerContext.invokeChannelRead(AbstractChannelHandlerContext.java:374)\n\tat io.netty.channel.AbstractChannelHandlerContext.invokeChannelRead(AbstractChannelHandlerContext.java:360)\n\tat io.netty.chann...
&amp#27;[38;5;218m[a34db9f7]&amp#27;[0m&amp#27;[38;5;-101m[AndroidUiautomator2Driver@b130]&amp#27;[0m Got response with status 404: {"sessionId":"f199d025-103e-435a-8048-343db456cc3d","value":{"error":"no such element","message":"An element could not be located on the page using the given search parameters","stacktrace":"io.appium.uiautomator2.common.exceptions.ElementNotFoundException: An element could not be located on the page using the given search parameters\n\tat io.appium.uiautomator2.handler.FindElement.safeHandle(FindElement.java:63)\n\tat io.appium.uiautomator2.handler.request.SafeRequestHandler.handle(SafeRequestHandler.java:59)\n\tat io.appium.uiautomator2.server.AppiumServlet.handleRequest(AppiumServlet.java:259)\n\tat io.appium.uiautomator2.server.AppiumServlet.handleHttpRequest(AppiumServlet.java:253)\n\tat io.appium.uiautomator2.http.ServerHandler.channelRead(ServerHandler.java:77)\n\tat io.netty.channel.AbstractChannelHandlerContext.invokeChannelRead(AbstractChannelHandlerContext.java:374)\n\tat io.netty.channel.AbstractChannelHandlerContext.invokeChannelRead(AbstractChannelHandlerContext.java:360)\n\tat io.netty.chann...
&amp#27;[38;5;218m[a34db9f7]&amp#27;[0m&amp#27;[38;5;-101m[AndroidUiautomator2Driver@b130]&amp#27;[0m Got response with status 404: {"sessionId":"f199d025-103e-435a-8048-343db456cc3d","value":{"error":"no such element","message":"An element could not be located on the page using the given search parameters","stacktrace":"io.appium.uiautomator2.common.exceptions.ElementNotFoundException: An element could not be located on the page using the given search parameters\n\tat io.appium.uiautomator2.handler.FindElement.safeHandle(FindElement.java:63)\n\tat io.appium.uiautomator2.handler.request.SafeRequestHandler.handle(SafeRequestHandler.java:59)\n\tat io.appium.uiautomator2.server.AppiumServlet.handleRequest(AppiumServlet.java:259)\n\tat io.appium.uiautomator2.server.AppiumServlet.handleHttpRequest(AppiumServlet.java:253)\n\tat io.appium.uiautomator2.http.ServerHandler.channelRead(ServerHandler.java:77)\n\tat io.netty.channel.AbstractChannelHandlerContext.invokeChannelRead(AbstractChannelHandlerContext.java:374)\n\tat io.netty.channel.AbstractChannelHandlerContext.invokeChannelRead(AbstractChannelHandlerContext.java:360)\n\tat io.netty.chann...
&amp#27;[38;5;218m[a34db9f7]&amp#27;[0m&amp#27;[38;5;-101m[AndroidUiautomator2Driver@b130]&amp#27;[0m Got response with status 404: {"sessionId":"f199d025-103e-435a-8048-343db456cc3d","value":{"error":"no such element","message":"An element could not be located on the page using the given search parameters","stacktrace":"io.appium.uiautomator2.common.exceptions.ElementNotFoundException: An element could not be located on the page using the given search parameters\n\tat io.appium.uiautomator2.handler.FindElement.safeHandle(FindElement.java:63)\n\tat io.appium.uiautomator2.handler.request.SafeRequestHandler.handle(SafeRequestHandler.java:59)\n\tat io.appium.uiautomator2.server.AppiumServlet.handleRequest(AppiumServlet.java:259)\n\tat io.appium.uiautomator2.server.AppiumServlet.handleHttpRequest(AppiumServlet.java:253)\n\tat io.appium.uiautomator2.http.ServerHandler.channelRead(ServerHandler.java:77)\n\tat io.netty.channel.AbstractChannelHandlerContext.invokeChannelRead(AbstractChannelHandlerContext.java:374)\n\tat io.netty.channel.AbstractChannelHandlerContext.invokeChannelRead(AbstractChannelHandlerContext.java:360)\n\tat io.netty.chann...
&amp#27;[38;5;218m[a34db9f7]&amp#27;[0m&amp#27;[38;5;-101m[AndroidUiautomator2Driver@b130]&amp#27;[0m Got response with status 404: {"sessionId":"f199d025-103e-435a-8048-343db456cc3d","value":{"error":"no such element","message":"An element could not be located on the page using the given search parameters","stacktrace":"io.appium.uiautomator2.common.exceptions.ElementNotFoundException: An element could not be located on the page using the given search parameters\n\tat io.appium.uiautomator2.handler.FindElement.safeHandle(FindElement.java:63)\n\tat io.appium.uiautomator2.handler.request.SafeRequestHandler.handle(SafeRequestHandler.java:59)\n\tat io.appium.uiautomator2.server.AppiumServlet.handleRequest(AppiumServlet.java:259)\n\tat io.appium.uiautomator2.server.AppiumServlet.handleHttpRequest(AppiumServlet.java:253)\n\tat io.appium.uiautomator2.http.ServerHandler.channelRead(ServerHandler.java:77)\n\tat io.netty.channel.AbstractChannelHandlerContext.invokeChannelRead(AbstractChannelHandlerContext.java:374)\n\tat io.netty.channel.AbstractChannelHandlerContext.invokeChannelRead(AbstractChannelHandlerContext.java:360)\n\tat io.netty.chann...
&amp#27;[38;5;218m[a34db9f7]&amp#27;[0m&amp#27;[38;5;86m[HTTP]&amp#27;[0m &amp#27;[37m<-- POST /session/a34db9f7-205b-455f-bbf3-fd5f1d4b1dd2/element &amp#27;[39m&amp#27;[33m404&amp#27;[39m &amp#27;[90m10083 ms - 839&amp#27;[39m
2026-04-24 11:08:53.470 [main] ERROR com.mobile.framework.utilities.WaitUtility - Element not visible within 5 seconds: By.id: com.android.permissioncontroller:id/permission_allow_button
2026-04-24 11:08:53.470 [main] INFO  com.mobile.framework.utilities.CommonActionsUtility - Permission dialog not present or already handled
&amp#27;[38;5;218m[a34db9f7]&amp#27;[0m&amp#27;[38;5;86m[HTTP]&amp#27;[0m &amp#27;[37m-->&amp#27;[39m &amp#27;[37mGET&amp#27;[39m &amp#27;[37m/session/a34db9f7-205b-455f-bbf3-fd5f1d4b1dd2/window/rect&amp#27;[39m &amp#27;[90m&amp#27;[39m
&amp#27;[38;5;218m[a34db9f7]&amp#27;[0m&amp#27;[38;5;86m[HTTP]&amp#27;[0m &amp#27;[37m<-- GET /session/a34db9f7-205b-455f-bbf3-fd5f1d4b1dd2/window/rect &amp#27;[39m&amp#27;[32m200&amp#27;[39m &amp#27;[90m44 ms - 50&amp#27;[39m
&amp#27;[38;5;218m[a34db9f7]&amp#27;[0m&amp#27;[38;5;86m[HTTP]&amp#27;[0m &amp#27;[37m-->&amp#27;[39m &amp#27;[37mPOST&amp#27;[39m &amp#27;[37m/session/a34db9f7-205b-455f-bbf3-fd5f1d4b1dd2/actions&amp#27;[39m &amp#27;[90m{"actions":[{"id":"finger","type":"pointer","parameters":{"pointerType":"touch"},"actions":[{"duration":0,"type":"pause"},{"duration":0,"x":216,"y":1200,"type":"pointerMove","origin":"viewport"},{"button":0,"type":"pointerDown"},{"duration":600,"x":864,"y":1200,"type":"pointerMove","origin":"viewport"},{"button":0,"type":"pointerUp"}]}]}&amp#27;[39m
&amp#27;[38;5;218m[a34db9f7]&amp#27;[0m&amp#27;[38;5;86m[HTTP]&amp#27;[0m &amp#27;[37m<-- POST /session/a34db9f7-205b-455f-bbf3-fd5f1d4b1dd2/actions &amp#27;[39m&amp#27;[32m200&amp#27;[39m &amp#27;[90m2337 ms - 14&amp#27;[39m
2026-04-24 11:08:55.908 [main] INFO  com.mobile.framework.utilities.CommonActionsUtility - Swiped from (216,1200) to (864,1200)
2026-04-24 11:08:55.912 [main] INFO  com.mobile.framework.pages.BasePage - Performed onboarding slide 1
&amp#27;[38;5;218m[a34db9f7]&amp#27;[0m&amp#27;[38;5;86m[HTTP]&amp#27;[0m &amp#27;[37m-->&amp#27;[39m &amp#27;[37mGET&amp#27;[39m &amp#27;[37m/session/a34db9f7-205b-455f-bbf3-fd5f1d4b1dd2/window/rect&amp#27;[39m &amp#27;[90m&amp#27;[39m
&amp#27;[38;5;218m[a34db9f7]&amp#27;[0m&amp#27;[38;5;86m[HTTP]&amp#27;[0m &amp#27;[37m<-- GET /session/a34db9f7-205b-455f-bbf3-fd5f1d4b1dd2/window/rect &amp#27;[39m&amp#27;[32m200&amp#27;[39m &amp#27;[90m48 ms - 50&amp#27;[39m
&amp#27;[38;5;218m[a34db9f7]&amp#27;[0m&amp#27;[38;5;86m[HTTP]&amp#27;[0m &amp#27;[37m-->&amp#27;[39m &amp#27;[37mPOST&amp#27;[39m &amp#27;[37m/session/a34db9f7-205b-455f-bbf3-fd5f1d4b1dd2/actions&amp#27;[39m &amp#27;[90m{"actions":[{"id":"finger","type":"pointer","parameters":{"pointerType":"touch"},"actions":[{"duration":0,"type":"pause"},{"duration":0,"x":216,"y":1200,"type":"pointerMove","origin":"viewport"},{"button":0,"type":"pointerDown"},{"duration":600,"x":864,"y":1200,"type":"pointerMove","origin":"viewport"},{"button":0,"type":"pointerUp"}]}]}&amp#27;[39m
&amp#27;[38;5;218m[a34db9f7]&amp#27;[0m&amp#27;[38;5;86m[HTTP]&amp#27;[0m &amp#27;[37m<-- POST /session/a34db9f7-205b-455f-bbf3-fd5f1d4b1dd2/actions &amp#27;[39m&amp#27;[32m200&amp#27;[39m &amp#27;[90m2313 ms - 14&amp#27;[39m
2026-04-24 11:08:58.333 [main] INFO  com.mobile.framework.utilities.CommonActionsUtility - Swiped from (216,1200) to (864,1200)
2026-04-24 11:08:58.333 [main] INFO  com.mobile.framework.pages.BasePage - Performed onboarding slide 2
&amp#27;[38;5;218m[a34db9f7]&amp#27;[0m&amp#27;[38;5;86m[HTTP]&amp#27;[0m &amp#27;[37m-->&amp#27;[39m &amp#27;[37mGET&amp#27;[39m &amp#27;[37m/session/a34db9f7-205b-455f-bbf3-fd5f1d4b1dd2/window/rect&amp#27;[39m &amp#27;[90m&amp#27;[39m
&amp#27;[38;5;218m[a34db9f7]&amp#27;[0m&amp#27;[38;5;86m[HTTP]&amp#27;[0m &amp#27;[37m<-- GET /session/a34db9f7-205b-455f-bbf3-fd5f1d4b1dd2/window/rect &amp#27;[39m&amp#27;[32m200&amp#27;[39m &amp#27;[90m38 ms - 50&amp#27;[39m
&amp#27;[38;5;218m[a34db9f7]&amp#27;[0m&amp#27;[38;5;86m[HTTP]&amp#27;[0m &amp#27;[37m-->&amp#27;[39m &amp#27;[37mPOST&amp#27;[39m &amp#27;[37m/session/a34db9f7-205b-455f-bbf3-fd5f1d4b1dd2/actions&amp#27;[39m &amp#27;[90m{"actions":[{"id":"finger","type":"pointer","parameters":{"pointerType":"touch"},"actions":[{"duration":0,"type":"pause"},{"duration":0,"x":216,"y":1200,"type":"pointerMove","origin":"viewport"},{"button":0,"type":"pointerDown"},{"duration":600,"x":864,"y":1200,"type":"pointerMove","origin":"viewport"},{"button":0,"type":"pointerUp"}]}]}&amp#27;[39m
&amp#27;[38;5;218m[a34db9f7]&amp#27;[0m&amp#27;[38;5;-101m[AndroidUiautomator2Driver@b130]&amp#27;[0m Got response with status 400: {"sessionId":"f199d025-103e-435a-8048-343db456cc3d","value":{"error":"invalid element state","message":"Unable to perform W3C actions. Check the logcat output for possible error reports and make sure your input actions chain is valid.","stacktrace":"io.appium.uiautomator2.common.exceptions.InvalidElementStateException: Unable to perform W3C actions. Check the logcat output for possible error reports and make sure your input actions chain is valid.\n\tat io.appium.uiautomator2.handler.W3CActions.safeHandle(W3CActions.java:82)\n\tat io.appium.uiautomator2.handler.request.SafeRequestHandler.handle(SafeRequestHandler.java:59)\n\tat io.appium.uiautomator2.server.AppiumServlet.handleRequest(AppiumServlet.java:259)\n\tat io.appium.uiautomator2.server.AppiumServlet.handleHttpRequest(AppiumServlet.java:253)\n\tat io.appium.uiautomator2.http.ServerHandler.channelRead(ServerHandler.java:77)\n\tat io.netty.channel.AbstractChannelHandlerContext.invokeChannelRead(AbstractChannelHandlerContext.java:374)\n\tat io.netty.ch...
&amp#27;[38;5;218m[a34db9f7]&amp#27;[0m&amp#27;[38;5;86m[HTTP]&amp#27;[0m &amp#27;[37m<-- POST /session/a34db9f7-205b-455f-bbf3-fd5f1d4b1dd2/actions &amp#27;[39m&amp#27;[33m400&amp#27;[39m &amp#27;[90m1817 ms - 3952&amp#27;[39m
2026-04-24 11:09:00.233 [main] ERROR com.mobile.framework.tests.ResponsiveTest - Error during validation for Galaxy S20: Unable to perform W3C actions. Check the logcat output for possible error reports and make sure your input actions chain is valid.
Build info: version: '4.13.0', revision: 'ba948ece5b*'
System info: os.name: 'Linux', os.arch: 'amd64', os.version: '6.8.0-110-generic', java.version: '17.0.18'
Driver info: io.appium.java_client.android.AndroidDriver
Command: [a34db9f7-205b-455f-bbf3-fd5f1d4b1dd2, actions {actions=[org.openqa.selenium.interactions.Sequence@29f38091]}]
Capabilities {appium:app: /home/wadmin/Downloads/Mobi..., appium:appActivity: com.roomservice.realstate.U..., appium:appPackage: com.roomservice.realstate, appium:automationName: UiAutomator2, appium:databaseEnabled: false, appium:desired: {app: /home/wadmin/Downloads/Mobi..., appActivity: com.roomservice.realstate.U..., appPackage: com.roomservice.realstate, automationName: UiAutomator2, deviceName: emulator-5554, newCommandTimeout: 300, platformName: ANDROID, udid: emulator-5554}, appium:deviceApiLevel: 35, appium:deviceManufacturer: Google, appium:deviceModel: sdk_gphone64_x86_64, appium:deviceName: emulator-5554, appium:deviceScreenDensity: 480, appium:deviceScreenSize: 1080x2400, appium:deviceUDID: emulator-5554, appium:javascriptEnabled: true, appium:locationContextEnabled: false, appium:networkConnectionEnabled: true, appium:newCommandTimeout: 300, appium:pixelRatio: 3, appium:platformVersion: 15, appium:statBarHeight: 156, appium:takesScreenshot: true, appium:udid: emulator-5554, appium:viewportRect: {height: 2244, left: 0, top: 156, width: 1080}, appium:warnings: {}, appium:webStorageEnabled: false, platformName: ANDROID}
Session ID: a34db9f7-205b-455f-bbf3-fd5f1d4b1dd2
&amp#27;[38;5;218m[a34db9f7]&amp#27;[0m&amp#27;[38;5;86m[HTTP]&amp#27;[0m &amp#27;[37m-->&amp#27;[39m &amp#27;[37mDELETE&amp#27;[39m &amp#27;[37m/session/a34db9f7-205b-455f-bbf3-fd5f1d4b1dd2&amp#27;[39m &amp#27;[90m&amp#27;[39m
&amp#27;[38;5;218m[a34db9f7]&amp#27;[0m&amp#27;[38;5;137m[AppiumDriver@3549]&amp#27;[0m Removing session a34db9f7-205b-455f-bbf3-fd5f1d4b1dd2 from our master session list
&amp#27;[38;5;218m[a34db9f7]&amp#27;[0m&amp#27;[38;5;-101m[AndroidUiautomator2Driver@b130]&amp#27;[0m Restoring hidden api policy to the device default configuration
&amp#27;[38;5;218m[a34db9f7]&amp#27;[0m&amp#27;[38;5;86m[HTTP]&amp#27;[0m &amp#27;[37m<-- DELETE /session/a34db9f7-205b-455f-bbf3-fd5f1d4b1dd2 &amp#27;[39m&amp#27;[32m200&amp#27;[39m &amp#27;[90m1201 ms - 14&amp#27;[39m
2026-04-24 11:09:01.480 [main] INFO  com.mobile.framework.utilities.LocalDeviceManager - Reset display for emulator-5554
]]></system-out>
    <system-err><![CDATA[SLF4J: No SLF4J providers were found.
SLF4J: Defaulting to no-operation (NOP) logger implementation
SLF4J: See https://www.slf4j.org/codes.html#noProviders for further details.
]]></system-err>
  </testcase>
  <testcase name="validateLoginResponsive[emulator-5554, Pixel 6 (Android 12)](2)" classname="com.mobile.framework.tests.ResponsiveTest" time="44.33">
    <system-out><![CDATA[2026-04-24 11:09:01.498 [main] INFO  com.mobile.framework.base.BaseTest - Tearing down test method...
2026-04-24 11:09:01.500 [main] INFO  com.mobile.framework.drivers.DriverFactory - Quitting Appium Driver...
2026-04-24 11:09:01.502 [main] INFO  com.mobile.framework.drivers.DriverFactory - Appium Driver quit successfully
2026-04-24 11:09:01.506 [main] INFO  com.mobile.framework.base.BaseTest - Driver quit successfully
2026-04-24 11:09:01.522 [main] INFO  com.mobile.framework.base.BaseTest - Setting up test method...
2026-04-24 11:09:01.525 [main] INFO  com.mobile.framework.drivers.DriverFactory - Initializing Appium Driver for null...
&amp#27;[38;5;86m[HTTP]&amp#27;[0m &amp#27;[37m-->&amp#27;[39m &amp#27;[37mPOST&amp#27;[39m &amp#27;[37m/session&amp#27;[39m &amp#27;[90m{"capabilities":{"firstMatch":[{}],"alwaysMatch":{"appium:app":"/home/wadmin/Downloads/Mobile_automation1 (1)/Mobile_automation/src/main/resources/app/Rooms_v23_03_26_STAGING.apk","appium:appActivity":"com.roomservice.realstate.Ui.SplashScreen2","appium:appPackage":"com.roomservice.realstate","appium:automationName":"UiAutomator2","appium:newCommandTimeout":300,"platformName":"ANDROID"}}}&amp#27;[39m
&amp#27;[38;5;112m[Appium]&amp#27;[0m Attempting to find matching driver for automationName 'UiAutomator2' and platformName 'ANDROID'
&amp#27;[38;5;112m[Appium]&amp#27;[0m The 'uiautomator2' driver was installed and matched caps.
&amp#27;[38;5;112m[Appium]&amp#27;[0m Will require it at /home/wadmin/node_modules/appium-uiautomator2-driver
&amp#27;[38;5;137m[AppiumDriver@3549]&amp#27;[0m Appium v3.2.2 creating new AndroidUiautomator2Driver (v4.2.3) session
&amp#27;[38;5;137m[AppiumDriver@3549]&amp#27;[0m Checking BaseDriver versions for Appium and AndroidUiautomator2Driver
&amp#27;[38;5;137m[AppiumDriver@3549]&amp#27;[0m Appium's BaseDriver version is 10.2.2
&amp#27;[38;5;137m[AppiumDriver@3549]&amp#27;[0m AndroidUiautomator2Driver's BaseDriver version is 9.16.4
&amp#27;[38;5;60m[79458eb2]&amp#27;[0m&amp#27;[38;5;-79m[AndroidUiautomator2Driver@13ff]&amp#27;[0m Session created with session id: 79458eb2-f52e-4e2a-ae6f-6a8c7699a8f3
&amp#27;[38;5;60m[79458eb2]&amp#27;[0m&amp#27;[38;5;229m[ADB]&amp#27;[0m Using 'adb' from '/home/wadmin/android-sdk/platform-tools/adb'
&amp#27;[38;5;60m[79458eb2]&amp#27;[0m&amp#27;[38;5;-79m[AndroidUiautomator2Driver@13ff]&amp#27;[0m Retrieving device list
&amp#27;[38;5;60m[79458eb2]&amp#27;[0m&amp#27;[38;5;-79m[AndroidUiautomator2Driver@13ff]&amp#27;[0m Using device: emulator-5554
&amp#27;[38;5;60m[79458eb2]&amp#27;[0m&amp#27;[38;5;229m[ADB]&amp#27;[0m Using 'adb' from '/home/wadmin/android-sdk/platform-tools/adb'
&amp#27;[38;5;60m[79458eb2]&amp#27;[0m&amp#27;[38;5;123m[BaseDriver]&amp#27;[0m Using local app '/home/wadmin/Downloads/Mobile_automation1 (1)/Mobile_automation/src/main/resources/app/Rooms_v23_03_26_STAGING.apk'
&amp#27;[38;5;60m[79458eb2]&amp#27;[0m&amp#27;[38;5;229m[ADB]&amp#27;[0m Getting device platform version
&amp#27;[38;5;60m[79458eb2]&amp#27;[0m&amp#27;[38;5;-79m[AndroidUiautomator2Driver@13ff]&amp#27;[0m Relaxing hidden api policy
&amp#27;[38;5;60m[79458eb2]&amp#27;[0m&amp#27;[38;5;229m[ADB]&amp#27;[0m Using 'aapt2' from '/home/wadmin/android-sdk/build-tools/29.0.3/aapt2'
&amp#27;[38;5;60m[79458eb2]&amp#27;[0m&amp#27;[38;5;-79m[AndroidUiautomator2Driver@13ff]&amp#27;[0m Server packages are not going to be (re)installed
&amp#27;[38;5;60m[79458eb2]&amp#27;[0m&amp#27;[38;5;229m[ADB]&amp#27;[0m Adding packages ["io.appium.settings","io.appium.uiautomator2.server","io.appium.uiautomator2.server.test"] to Doze whitelist
&amp#27;[38;5;60m[79458eb2]&amp#27;[0m&amp#27;[38;5;-79m[AndroidUiautomator2Driver@13ff]&amp#27;[0m Performing fast reset on 'com.roomservice.realstate'
&amp#27;[38;5;60m[79458eb2]&amp#27;[0m&amp#27;[38;5;-79m[AndroidUiautomator2Driver@13ff]&amp#27;[0m Starting UIAutomator2 server 7.5.2
&amp#27;[38;5;60m[79458eb2]&amp#27;[0m&amp#27;[38;5;-79m[AndroidUiautomator2Driver@13ff]&amp#27;[0m Using UIAutomator2 server from '/home/wadmin/node_modules/appium-uiautomator2-driver/node_modules/appium-uiautomator2-server/apks/appium-uiautomator2-server-v7.5.2.apk' and test from '/home/wadmin/node_modules/appium-uiautomator2-driver/node_modules/appium-uiautomator2-server/apks/appium-uiautomator2-server-debug-androidTest.apk'
&amp#27;[38;5;60m[79458eb2]&amp#27;[0m&amp#27;[38;5;-79m[AndroidUiautomator2Driver@13ff]&amp#27;[0m Waiting up to 30000ms for UiAutomator2 to be online...
&amp#27;[38;5;60m[79458eb2]&amp#27;[0m&amp#27;[38;5;-79m[AndroidUiautomator2Driver@13ff]&amp#27;[0m socket hang up
&amp#27;[38;5;60m[79458eb2]&amp#27;[0m&amp#27;[38;5;-79m[AndroidUiautomator2Driver@13ff]&amp#27;[0m socket hang up
&amp#27;[38;5;60m[79458eb2]&amp#27;[0m&amp#27;[38;5;-79m[AndroidUiautomator2Driver@13ff]&amp#27;[0m socket hang up
&amp#27;[38;5;60m[79458eb2]&amp#27;[0m&amp#27;[38;5;-79m[AndroidUiautomator2Driver@13ff]&amp#27;[0m socket hang up
&amp#27;[38;5;60m[79458eb2]&amp#27;[0m&amp#27;[38;5;-79m[AndroidUiautomator2Driver@13ff]&amp#27;[0m socket hang up
&amp#27;[38;5;60m[79458eb2]&amp#27;[0m&amp#27;[38;5;-79m[AndroidUiautomator2Driver@13ff]&amp#27;[0m socket hang up
&amp#27;[38;5;60m[79458eb2]&amp#27;[0m&amp#27;[38;5;-79m[AndroidUiautomator2Driver@13ff]&amp#27;[0m socket hang up
&amp#27;[38;5;60m[79458eb2]&amp#27;[0m&amp#27;[38;5;-79m[AndroidUiautomator2Driver@13ff]&amp#27;[0m socket hang up
&amp#27;[38;5;60m[79458eb2]&amp#27;[0m&amp#27;[38;5;-79m[AndroidUiautomator2Driver@13ff]&amp#27;[0m Determined the downstream protocol as 'W3C'
&amp#27;[38;5;60m[79458eb2]&amp#27;[0m&amp#27;[38;5;-79m[AndroidUiautomator2Driver@13ff]&amp#27;[0m Screen already unlocked, doing nothing
&amp#27;[38;5;60m[79458eb2]&amp#27;[0m&amp#27;[38;5;-79m[AndroidUiautomator2Driver@13ff]&amp#27;[0m Starting 'com.roomservice.realstate/com.roomservice.realstate.Ui.SplashScreen2' and waiting for 'com.roomservice.realstate/com.roomservice.realstate.Ui.SplashScreen2'
&amp#27;[38;5;60m[79458eb2]&amp#27;[0m&amp#27;[38;5;137m[AppiumDriver@3549]&amp#27;[0m New AndroidUiautomator2Driver session created successfully, session 79458eb2-f52e-4e2a-ae6f-6a8c7699a8f3 added to master session list
&amp#27;[38;5;60m[79458eb2]&amp#27;[0m&amp#27;[38;5;86m[HTTP]&amp#27;[0m &amp#27;[37m<-- POST /session &amp#27;[39m&amp#27;[32m200&amp#27;[39m &amp#27;[90m16566 ms - 1217&amp#27;[39m
&amp#27;[38;5;60m[79458eb2]&amp#27;[0m&amp#27;[38;5;86m[HTTP]&amp#27;[0m &amp#27;[37m-->&amp#27;[39m &amp#27;[37mPOST&amp#27;[39m &amp#27;[37m/session/79458eb2-f52e-4e2a-ae6f-6a8c7699a8f3/timeouts&amp#27;[39m &amp#27;[90m{"implicit":10000}&amp#27;[39m
&amp#27;[38;5;60m[79458eb2]&amp#27;[0m&amp#27;[38;5;86m[HTTP]&amp#27;[0m &amp#27;[37m<-- POST /session/79458eb2-f52e-4e2a-ae6f-6a8c7699a8f3/timeouts &amp#27;[39m&amp#27;[32m200&amp#27;[39m &amp#27;[90m3 ms - 14&amp#27;[39m
2026-04-24 11:09:18.163 [main] INFO  com.mobile.framework.drivers.DriverFactory - Appium Driver initialized successfully for null
2026-04-24 11:09:18.164 [main] INFO  com.mobile.framework.base.BaseTest - Driver initialized successfully for device: null
2026-04-24 11:09:18.170 [main] INFO  com.mobile.framework.tests.ResponsiveTest - >>> Validating: Pixel 6 (Android 12)
2026-04-24 11:09:18.183 [main] INFO  com.mobile.framework.utilities.LocalDeviceManager - Set resolution to 1080x2400 for emulator-5554
2026-04-24 11:09:18.199 [main] INFO  com.mobile.framework.utilities.LocalDeviceManager - Set density to 411 for emulator-5554
2026-04-24 11:09:18.200 [main] INFO  com.mobile.framework.drivers.DriverFactory - Initializing Appium Driver for Pixel 6 (Android 12)...
&amp#27;[38;5;86m[HTTP]&amp#27;[0m &amp#27;[37m-->&amp#27;[39m &amp#27;[37mPOST&amp#27;[39m &amp#27;[37m/session&amp#27;[39m &amp#27;[90m{"capabilities":{"firstMatch":[{}],"alwaysMatch":{"appium:app":"/home/wadmin/Downloads/Mobile_automation1 (1)/Mobile_automation/src/main/resources/app/Rooms_v23_03_26_STAGING.apk","appium:appActivity":"com.roomservice.realstate.Ui.SplashScreen2","appium:appPackage":"com.roomservice.realstate","appium:automationName":"UiAutomator2","appium:deviceName":"emulator-5554","appium:newCommandTimeout":300,"appium:udid":"emulator-5554","platformName":"ANDROID"}}}&amp#27;[39m
&amp#27;[38;5;112m[Appium]&amp#27;[0m Attempting to find matching driver for automationName 'UiAutomator2' and platformName 'ANDROID'
&amp#27;[38;5;112m[Appium]&amp#27;[0m The 'uiautomator2' driver was installed and matched caps.
&amp#27;[38;5;112m[Appium]&amp#27;[0m Will require it at /home/wadmin/node_modules/appium-uiautomator2-driver
&amp#27;[38;5;137m[AppiumDriver@3549]&amp#27;[0m Appium v3.2.2 creating new AndroidUiautomator2Driver (v4.2.3) session
&amp#27;[38;5;137m[AppiumDriver@3549]&amp#27;[0m Checking BaseDriver versions for Appium and AndroidUiautomator2Driver
&amp#27;[38;5;137m[AppiumDriver@3549]&amp#27;[0m Appium's BaseDriver version is 10.2.2
&amp#27;[38;5;137m[AppiumDriver@3549]&amp#27;[0m AndroidUiautomator2Driver's BaseDriver version is 9.16.4
&amp#27;[38;5;137m[AppiumDriver@3549]&amp#27;[0m Removing session 79458eb2-f52e-4e2a-ae6f-6a8c7699a8f3 from our master session list
&amp#27;[38;5;-79m[AndroidUiautomator2Driver@13ff]&amp#27;[0m Restoring hidden api policy to the device default configuration
&amp#27;[38;5;37m[7f16d412]&amp#27;[0m&amp#27;[38;5;-136m[AndroidUiautomator2Driver@4887]&amp#27;[0m Session created with session id: 7f16d412-2483-42c3-a983-7899aca390d1
&amp#27;[38;5;37m[7f16d412]&amp#27;[0m&amp#27;[38;5;229m[ADB]&amp#27;[0m Using 'adb' from '/home/wadmin/android-sdk/platform-tools/adb'
&amp#27;[38;5;37m[7f16d412]&amp#27;[0m&amp#27;[38;5;-136m[AndroidUiautomator2Driver@4887]&amp#27;[0m Retrieving device list
&amp#27;[38;5;37m[7f16d412]&amp#27;[0m&amp#27;[38;5;-136m[AndroidUiautomator2Driver@4887]&amp#27;[0m Using device: emulator-5554
&amp#27;[38;5;37m[7f16d412]&amp#27;[0m&amp#27;[38;5;229m[ADB]&amp#27;[0m Using 'adb' from '/home/wadmin/android-sdk/platform-tools/adb'
&amp#27;[38;5;37m[7f16d412]&amp#27;[0m&amp#27;[38;5;123m[BaseDriver]&amp#27;[0m Using local app '/home/wadmin/Downloads/Mobile_automation1 (1)/Mobile_automation/src/main/resources/app/Rooms_v23_03_26_STAGING.apk'
&amp#27;[38;5;37m[7f16d412]&amp#27;[0m&amp#27;[38;5;229m[ADB]&amp#27;[0m Getting device platform version
&amp#27;[38;5;37m[7f16d412]&amp#27;[0m&amp#27;[38;5;-136m[AndroidUiautomator2Driver@4887]&amp#27;[0m Relaxing hidden api policy
&amp#27;[38;5;37m[7f16d412]&amp#27;[0m&amp#27;[38;5;229m[ADB]&amp#27;[0m Using 'aapt2' from '/home/wadmin/android-sdk/build-tools/29.0.3/aapt2'
&amp#27;[38;5;37m[7f16d412]&amp#27;[0m&amp#27;[38;5;-136m[AndroidUiautomator2Driver@4887]&amp#27;[0m Server packages are not going to be (re)installed
&amp#27;[38;5;37m[7f16d412]&amp#27;[0m&amp#27;[38;5;229m[ADB]&amp#27;[0m Adding packages ["io.appium.settings","io.appium.uiautomator2.server","io.appium.uiautomator2.server.test"] to Doze whitelist
&amp#27;[38;5;37m[7f16d412]&amp#27;[0m&amp#27;[38;5;-136m[AndroidUiautomator2Driver@4887]&amp#27;[0m Performing fast reset on 'com.roomservice.realstate'
&amp#27;[38;5;37m[7f16d412]&amp#27;[0m&amp#27;[38;5;-136m[AndroidUiautomator2Driver@4887]&amp#27;[0m Starting UIAutomator2 server 7.5.2
&amp#27;[38;5;37m[7f16d412]&amp#27;[0m&amp#27;[38;5;-136m[AndroidUiautomator2Driver@4887]&amp#27;[0m Using UIAutomator2 server from '/home/wadmin/node_modules/appium-uiautomator2-driver/node_modules/appium-uiautomator2-server/apks/appium-uiautomator2-server-v7.5.2.apk' and test from '/home/wadmin/node_modules/appium-uiautomator2-driver/node_modules/appium-uiautomator2-server/apks/appium-uiautomator2-server-debug-androidTest.apk'
&amp#27;[38;5;37m[7f16d412]&amp#27;[0m&amp#27;[38;5;-136m[AndroidUiautomator2Driver@4887]&amp#27;[0m Waiting up to 30000ms for UiAutomator2 to be online...
&amp#27;[38;5;37m[7f16d412]&amp#27;[0m&amp#27;[38;5;-136m[AndroidUiautomator2Driver@4887]&amp#27;[0m socket hang up
&amp#27;[38;5;37m[7f16d412]&amp#27;[0m&amp#27;[38;5;-136m[AndroidUiautomator2Driver@4887]&amp#27;[0m socket hang up
&amp#27;[38;5;37m[7f16d412]&amp#27;[0m&amp#27;[38;5;-136m[AndroidUiautomator2Driver@4887]&amp#27;[0m socket hang up
&amp#27;[38;5;37m[7f16d412]&amp#27;[0m&amp#27;[38;5;-136m[AndroidUiautomator2Driver@4887]&amp#27;[0m socket hang up
&amp#27;[38;5;37m[7f16d412]&amp#27;[0m&amp#27;[38;5;-136m[AndroidUiautomator2Driver@4887]&amp#27;[0m socket hang up
&amp#27;[38;5;37m[7f16d412]&amp#27;[0m&amp#27;[38;5;-136m[AndroidUiautomator2Driver@4887]&amp#27;[0m socket hang up
&amp#27;[38;5;37m[7f16d412]&amp#27;[0m&amp#27;[38;5;-136m[AndroidUiautomator2Driver@4887]&amp#27;[0m socket hang up
&amp#27;[38;5;37m[7f16d412]&amp#27;[0m&amp#27;[38;5;-136m[AndroidUiautomator2Driver@4887]&amp#27;[0m Determined the downstream protocol as 'W3C'
&amp#27;[38;5;37m[7f16d412]&amp#27;[0m&amp#27;[38;5;-136m[AndroidUiautomator2Driver@4887]&amp#27;[0m Screen already unlocked, doing nothing
&amp#27;[38;5;37m[7f16d412]&amp#27;[0m&amp#27;[38;5;-136m[AndroidUiautomator2Driver@4887]&amp#27;[0m Starting 'com.roomservice.realstate/com.roomservice.realstate.Ui.SplashScreen2' and waiting for 'com.roomservice.realstate/com.roomservice.realstate.Ui.SplashScreen2'
&amp#27;[38;5;37m[7f16d412]&amp#27;[0m&amp#27;[38;5;137m[AppiumDriver@3549]&amp#27;[0m New AndroidUiautomator2Driver session created successfully, session 7f16d412-2483-42c3-a983-7899aca390d1 added to master session list
&amp#27;[38;5;37m[7f16d412]&amp#27;[0m&amp#27;[38;5;86m[HTTP]&amp#27;[0m &amp#27;[37m<-- POST /session &amp#27;[39m&amp#27;[32m200&amp#27;[39m &amp#27;[90m20254 ms - 1300&amp#27;[39m
&amp#27;[38;5;37m[7f16d412]&amp#27;[0m&amp#27;[38;5;86m[HTTP]&amp#27;[0m &amp#27;[37m-->&amp#27;[39m &amp#27;[37mPOST&amp#27;[39m &amp#27;[37m/session/7f16d412-2483-42c3-a983-7899aca390d1/timeouts&amp#27;[39m &amp#27;[90m{"implicit":10000}&amp#27;[39m
&amp#27;[38;5;37m[7f16d412]&amp#27;[0m&amp#27;[38;5;86m[HTTP]&amp#27;[0m &amp#27;[37m<-- POST /session/7f16d412-2483-42c3-a983-7899aca390d1/timeouts &amp#27;[39m&amp#27;[32m200&amp#27;[39m &amp#27;[90m2 ms - 14&amp#27;[39m
2026-04-24 11:09:38.578 [main] INFO  com.mobile.framework.drivers.DriverFactory - Appium Driver initialized successfully for Pixel 6 (Android 12)
&amp#27;[38;5;37m[7f16d412]&amp#27;[0m&amp#27;[38;5;86m[HTTP]&amp#27;[0m &amp#27;[37m-->&amp#27;[39m &amp#27;[37mGET&amp#27;[39m &amp#27;[37m/session/7f16d412-2483-42c3-a983-7899aca390d1/window/rect&amp#27;[39m &amp#27;[90m&amp#27;[39m
&amp#27;[38;5;37m[7f16d412]&amp#27;[0m&amp#27;[38;5;86m[HTTP]&amp#27;[0m &amp#27;[37m<-- GET /session/7f16d412-2483-42c3-a983-7899aca390d1/window/rect &amp#27;[39m&amp#27;[32m200&amp#27;[39m &amp#27;[90m107 ms - 50&amp#27;[39m
&amp#27;[38;5;37m[7f16d412]&amp#27;[0m&amp#27;[38;5;86m[HTTP]&amp#27;[0m &amp#27;[37m-->&amp#27;[39m &amp#27;[37mPOST&amp#27;[39m &amp#27;[37m/session/7f16d412-2483-42c3-a983-7899aca390d1/element&amp#27;[39m &amp#27;[90m{"using":"id","value":"com.android.permissioncontroller:id/permission_allow_button"}&amp#27;[39m
&amp#27;[38;5;37m[7f16d412]&amp#27;[0m&amp#27;[38;5;-136m[AndroidUiautomator2Driver@4887]&amp#27;[0m Got response with status 404: {"sessionId":"d5f89a5b-8edb-401c-9015-3f1fc6bc313c","value":{"error":"no such element","message":"An element could not be located on the page using the given search parameters","stacktrace":"io.appium.uiautomator2.common.exceptions.ElementNotFoundException: An element could not be located on the page using the given search parameters\n\tat io.appium.uiautomator2.handler.FindElement.safeHandle(FindElement.java:63)\n\tat io.appium.uiautomator2.handler.request.SafeRequestHandler.handle(SafeRequestHandler.java:59)\n\tat io.appium.uiautomator2.server.AppiumServlet.handleRequest(AppiumServlet.java:259)\n\tat io.appium.uiautomator2.server.AppiumServlet.handleHttpRequest(AppiumServlet.java:253)\n\tat io.appium.uiautomator2.http.ServerHandler.channelRead(ServerHandler.java:77)\n\tat io.netty.channel.AbstractChannelHandlerContext.invokeChannelRead(AbstractChannelHandlerContext.java:374)\n\tat io.netty.channel.AbstractChannelHandlerContext.invokeChannelRead(AbstractChannelHandlerContext.java:360)\n\tat io.netty.chann...
&amp#27;[38;5;37m[7f16d412]&amp#27;[0m&amp#27;[38;5;-136m[AndroidUiautomator2Driver@4887]&amp#27;[0m Got response with status 404: {"sessionId":"d5f89a5b-8edb-401c-9015-3f1fc6bc313c","value":{"error":"no such element","message":"An element could not be located on the page using the given search parameters","stacktrace":"io.appium.uiautomator2.common.exceptions.ElementNotFoundException: An element could not be located on the page using the given search parameters\n\tat io.appium.uiautomator2.handler.FindElement.safeHandle(FindElement.java:63)\n\tat io.appium.uiautomator2.handler.request.SafeRequestHandler.handle(SafeRequestHandler.java:59)\n\tat io.appium.uiautomator2.server.AppiumServlet.handleRequest(AppiumServlet.java:259)\n\tat io.appium.uiautomator2.server.AppiumServlet.handleHttpRequest(AppiumServlet.java:253)\n\tat io.appium.uiautomator2.http.ServerHandler.channelRead(ServerHandler.java:77)\n\tat io.netty.channel.AbstractChannelHandlerContext.invokeChannelRead(AbstractChannelHandlerContext.java:374)\n\tat io.netty.channel.AbstractChannelHandlerContext.invokeChannelRead(AbstractChannelHandlerContext.java:360)\n\tat io.netty.chann...
&amp#27;[38;5;37m[7f16d412]&amp#27;[0m&amp#27;[38;5;-136m[AndroidUiautomator2Driver@4887]&amp#27;[0m Got response with status 404: {"sessionId":"d5f89a5b-8edb-401c-9015-3f1fc6bc313c","value":{"error":"no such element","message":"An element could not be located on the page using the given search parameters","stacktrace":"io.appium.uiautomator2.common.exceptions.ElementNotFoundException: An element could not be located on the page using the given search parameters\n\tat io.appium.uiautomator2.handler.FindElement.safeHandle(FindElement.java:63)\n\tat io.appium.uiautomator2.handler.request.SafeRequestHandler.handle(SafeRequestHandler.java:59)\n\tat io.appium.uiautomator2.server.AppiumServlet.handleRequest(AppiumServlet.java:259)\n\tat io.appium.uiautomator2.server.AppiumServlet.handleHttpRequest(AppiumServlet.java:253)\n\tat io.appium.uiautomator2.http.ServerHandler.channelRead(ServerHandler.java:77)\n\tat io.netty.channel.AbstractChannelHandlerContext.invokeChannelRead(AbstractChannelHandlerContext.java:374)\n\tat io.netty.channel.AbstractChannelHandlerContext.invokeChannelRead(AbstractChannelHandlerContext.java:360)\n\tat io.netty.chann...
&amp#27;[38;5;37m[7f16d412]&amp#27;[0m&amp#27;[38;5;-136m[AndroidUiautomator2Driver@4887]&amp#27;[0m Got response with status 404: {"sessionId":"d5f89a5b-8edb-401c-9015-3f1fc6bc313c","value":{"error":"no such element","message":"An element could not be located on the page using the given search parameters","stacktrace":"io.appium.uiautomator2.common.exceptions.ElementNotFoundException: An element could not be located on the page using the given search parameters\n\tat io.appium.uiautomator2.handler.FindElement.safeHandle(FindElement.java:63)\n\tat io.appium.uiautomator2.handler.request.SafeRequestHandler.handle(SafeRequestHandler.java:59)\n\tat io.appium.uiautomator2.server.AppiumServlet.handleRequest(AppiumServlet.java:259)\n\tat io.appium.uiautomator2.server.AppiumServlet.handleHttpRequest(AppiumServlet.java:253)\n\tat io.appium.uiautomator2.http.ServerHandler.channelRead(ServerHandler.java:77)\n\tat io.netty.channel.AbstractChannelHandlerContext.invokeChannelRead(AbstractChannelHandlerContext.java:374)\n\tat io.netty.channel.AbstractChannelHandlerContext.invokeChannelRead(AbstractChannelHandlerContext.java:360)\n\tat io.netty.chann...
&amp#27;[38;5;37m[7f16d412]&amp#27;[0m&amp#27;[38;5;86m[HTTP]&amp#27;[0m &amp#27;[37m<-- POST /session/7f16d412-2483-42c3-a983-7899aca390d1/element &amp#27;[39m&amp#27;[33m404&amp#27;[39m &amp#27;[90m11323 ms - 839&amp#27;[39m
2026-04-24 11:09:51.001 [main] ERROR com.mobile.framework.utilities.WaitUtility - Element not visible within 5 seconds: By.id: com.android.permissioncontroller:id/permission_allow_button
2026-04-24 11:09:51.002 [main] INFO  com.mobile.framework.utilities.CommonActionsUtility - Permission dialog not present or already handled
&amp#27;[38;5;37m[7f16d412]&amp#27;[0m&amp#27;[38;5;86m[HTTP]&amp#27;[0m &amp#27;[37m-->&amp#27;[39m &amp#27;[37mGET&amp#27;[39m &amp#27;[37m/session/7f16d412-2483-42c3-a983-7899aca390d1/window/rect&amp#27;[39m &amp#27;[90m&amp#27;[39m
&amp#27;[38;5;37m[7f16d412]&amp#27;[0m&amp#27;[38;5;86m[HTTP]&amp#27;[0m &amp#27;[37m<-- GET /session/7f16d412-2483-42c3-a983-7899aca390d1/window/rect &amp#27;[39m&amp#27;[32m200&amp#27;[39m &amp#27;[90m960 ms - 50&amp#27;[39m
&amp#27;[38;5;37m[7f16d412]&amp#27;[0m&amp#27;[38;5;86m[HTTP]&amp#27;[0m &amp#27;[37m-->&amp#27;[39m &amp#27;[37mPOST&amp#27;[39m &amp#27;[37m/session/7f16d412-2483-42c3-a983-7899aca390d1/actions&amp#27;[39m &amp#27;[90m{"actions":[{"id":"finger","type":"pointer","parameters":{"pointerType":"touch"},"actions":[{"duration":0,"type":"pause"},{"duration":0,"x":216,"y":1200,"type":"pointerMove","origin":"viewport"},{"button":0,"type":"pointerDown"},{"duration":600,"x":864,"y":1200,"type":"pointerMove","origin":"viewport"},{"button":0,"type":"pointerUp"}]}]}&amp#27;[39m
&amp#27;[38;5;37m[7f16d412]&amp#27;[0m&amp#27;[38;5;86m[HTTP]&amp#27;[0m &amp#27;[37m<-- POST /session/7f16d412-2483-42c3-a983-7899aca390d1/actions &amp#27;[39m&amp#27;[32m200&amp#27;[39m &amp#27;[90m1102 ms - 14&amp#27;[39m
2026-04-24 11:09:53.109 [main] INFO  com.mobile.framework.utilities.CommonActionsUtility - Swiped from (216,1200) to (864,1200)
2026-04-24 11:09:53.111 [main] INFO  com.mobile.framework.pages.BasePage - Performed onboarding slide 1
&amp#27;[38;5;37m[7f16d412]&amp#27;[0m&amp#27;[38;5;86m[HTTP]&amp#27;[0m &amp#27;[37m-->&amp#27;[39m &amp#27;[37mGET&amp#27;[39m &amp#27;[37m/session/7f16d412-2483-42c3-a983-7899aca390d1/window/rect&amp#27;[39m &amp#27;[90m&amp#27;[39m
&amp#27;[38;5;37m[7f16d412]&amp#27;[0m&amp#27;[38;5;86m[HTTP]&amp#27;[0m &amp#27;[37m<-- GET /session/7f16d412-2483-42c3-a983-7899aca390d1/window/rect &amp#27;[39m&amp#27;[32m200&amp#27;[39m &amp#27;[90m44 ms - 50&amp#27;[39m
&amp#27;[38;5;37m[7f16d412]&amp#27;[0m&amp#27;[38;5;86m[HTTP]&amp#27;[0m &amp#27;[37m-->&amp#27;[39m &amp#27;[37mPOST&amp#27;[39m &amp#27;[37m/session/7f16d412-2483-42c3-a983-7899aca390d1/actions&amp#27;[39m &amp#27;[90m{"actions":[{"id":"finger","type":"pointer","parameters":{"pointerType":"touch"},"actions":[{"duration":0,"type":"pause"},{"duration":0,"x":216,"y":1200,"type":"pointerMove","origin":"viewport"},{"button":0,"type":"pointerDown"},{"duration":600,"x":864,"y":1200,"type":"pointerMove","origin":"viewport"},{"button":0,"type":"pointerUp"}]}]}&amp#27;[39m
&amp#27;[38;5;37m[7f16d412]&amp#27;[0m&amp#27;[38;5;86m[HTTP]&amp#27;[0m &amp#27;[37m<-- POST /session/7f16d412-2483-42c3-a983-7899aca390d1/actions &amp#27;[39m&amp#27;[32m200&amp#27;[39m &amp#27;[90m1275 ms - 14&amp#27;[39m
2026-04-24 11:09:54.489 [main] INFO  com.mobile.framework.utilities.CommonActionsUtility - Swiped from (216,1200) to (864,1200)
2026-04-24 11:09:54.505 [main] INFO  com.mobile.framework.pages.BasePage - Performed onboarding slide 2
&amp#27;[38;5;37m[7f16d412]&amp#27;[0m&amp#27;[38;5;86m[HTTP]&amp#27;[0m &amp#27;[37m-->&amp#27;[39m &amp#27;[37mGET&amp#27;[39m &amp#27;[37m/session/7f16d412-2483-42c3-a983-7899aca390d1/window/rect&amp#27;[39m &amp#27;[90m&amp#27;[39m
&amp#27;[38;5;37m[7f16d412]&amp#27;[0m&amp#27;[38;5;86m[HTTP]&amp#27;[0m &amp#27;[37m<-- GET /session/7f16d412-2483-42c3-a983-7899aca390d1/window/rect &amp#27;[39m&amp#27;[32m200&amp#27;[39m &amp#27;[90m64 ms - 50&amp#27;[39m
&amp#27;[38;5;37m[7f16d412]&amp#27;[0m&amp#27;[38;5;86m[HTTP]&amp#27;[0m &amp#27;[37m-->&amp#27;[39m &amp#27;[37mPOST&amp#27;[39m &amp#27;[37m/session/7f16d412-2483-42c3-a983-7899aca390d1/actions&amp#27;[39m &amp#27;[90m{"actions":[{"id":"finger","type":"pointer","parameters":{"pointerType":"touch"},"actions":[{"duration":0,"type":"pause"},{"duration":0,"x":216,"y":1200,"type":"pointerMove","origin":"viewport"},{"button":0,"type":"pointerDown"},{"duration":600,"x":864,"y":1200,"type":"pointerMove","origin":"viewport"},{"button":0,"type":"pointerUp"}]}]}&amp#27;[39m
&amp#27;[38;5;37m[7f16d412]&amp#27;[0m&amp#27;[38;5;86m[HTTP]&amp#27;[0m &amp#27;[37m<-- POST /session/7f16d412-2483-42c3-a983-7899aca390d1/actions &amp#27;[39m&amp#27;[32m200&amp#27;[39m &amp#27;[90m1003 ms - 14&amp#27;[39m
2026-04-24 11:09:55.658 [main] INFO  com.mobile.framework.utilities.CommonActionsUtility - Swiped from (216,1200) to (864,1200)
2026-04-24 11:09:55.669 [main] INFO  com.mobile.framework.pages.BasePage - Performed onboarding slide 3
2026-04-24 11:09:55.671 [main] INFO  com.mobile.framework.tests.ResponsiveTest - [Pixel 6] Screen size: (1080, 2400)
&amp#27;[38;5;37m[7f16d412]&amp#27;[0m&amp#27;[38;5;86m[HTTP]&amp#27;[0m &amp#27;[37m-->&amp#27;[39m &amp#27;[37mGET&amp#27;[39m &amp#27;[37m/session/7f16d412-2483-42c3-a983-7899aca390d1/window/rect&amp#27;[39m &amp#27;[90m&amp#27;[39m
&amp#27;[38;5;37m[7f16d412]&amp#27;[0m&amp#27;[38;5;86m[HTTP]&amp#27;[0m &amp#27;[37m<-- GET /session/7f16d412-2483-42c3-a983-7899aca390d1/window/rect &amp#27;[39m&amp#27;[32m200&amp#27;[39m &amp#27;[90m49 ms - 50&amp#27;[39m
&amp#27;[38;5;37m[7f16d412]&amp#27;[0m&amp#27;[38;5;86m[HTTP]&amp#27;[0m &amp#27;[37m-->&amp#27;[39m &amp#27;[37mPOST&amp#27;[39m &amp#27;[37m/session/7f16d412-2483-42c3-a983-7899aca390d1/actions&amp#27;[39m &amp#27;[90m{"actions":[{"id":"finger","type":"pointer","parameters":{"pointerType":"touch"},"actions":[{"duration":0,"type":"pause"},{"duration":0,"x":540,"y":1920,"type":"pointerMove","origin":"viewport"},{"button":0,"type":"pointerDown"},{"duration":600,"x":540,"y":480,"type":"pointerMove","origin":"viewport"},{"button":0,"type":"pointerUp"}]}]}&amp#27;[39m
&amp#27;[38;5;37m[7f16d412]&amp#27;[0m&amp#27;[38;5;86m[HTTP]&amp#27;[0m &amp#27;[37m<-- POST /session/7f16d412-2483-42c3-a983-7899aca390d1/actions &amp#27;[39m&amp#27;[32m200&amp#27;[39m &amp#27;[90m863 ms - 14&amp#27;[39m
2026-04-24 11:09:56.640 [main] INFO  com.mobile.framework.utilities.ScrollUtility - Swiped from (540,1920) to (540,480)
&amp#27;[38;5;37m[7f16d412]&amp#27;[0m&amp#27;[38;5;86m[HTTP]&amp#27;[0m &amp#27;[37m-->&amp#27;[39m &amp#27;[37mDELETE&amp#27;[39m &amp#27;[37m/session/7f16d412-2483-42c3-a983-7899aca390d1&amp#27;[39m &amp#27;[90m&amp#27;[39m
&amp#27;[38;5;37m[7f16d412]&amp#27;[0m&amp#27;[38;5;137m[AppiumDriver@3549]&amp#27;[0m Removing session 7f16d412-2483-42c3-a983-7899aca390d1 from our master session list
&amp#27;[38;5;37m[7f16d412]&amp#27;[0m&amp#27;[38;5;-136m[AndroidUiautomator2Driver@4887]&amp#27;[0m Restoring hidden api policy to the device default configuration
&amp#27;[38;5;37m[7f16d412]&amp#27;[0m&amp#27;[38;5;86m[HTTP]&amp#27;[0m &amp#27;[37m<-- DELETE /session/7f16d412-2483-42c3-a983-7899aca390d1 &amp#27;[39m&amp#27;[32m200&amp#27;[39m &amp#27;[90m1810 ms - 14&amp#27;[39m
2026-04-24 11:10:02.493 [main] INFO  com.mobile.framework.utilities.LocalDeviceManager - Reset display for emulator-5554
]]></system-out>
  </testcase>
  <testcase name="validateLoginResponsive[emulator-5554, S23 Ultra (Android 13)](3)" classname="com.mobile.framework.tests.ResponsiveTest" time="30.886">
    <system-out><![CDATA[2026-04-24 11:10:02.501 [main] INFO  com.mobile.framework.base.BaseTest - Tearing down test method...
2026-04-24 11:10:02.501 [main] INFO  com.mobile.framework.drivers.DriverFactory - Quitting Appium Driver...
2026-04-24 11:10:02.502 [main] INFO  com.mobile.framework.drivers.DriverFactory - Appium Driver quit successfully
2026-04-24 11:10:02.502 [main] INFO  com.mobile.framework.base.BaseTest - Driver quit successfully
2026-04-24 11:10:02.508 [main] INFO  com.mobile.framework.base.BaseTest - Setting up test method...
2026-04-24 11:10:02.513 [main] INFO  com.mobile.framework.drivers.DriverFactory - Initializing Appium Driver for null...
&amp#27;[38;5;86m[HTTP]&amp#27;[0m &amp#27;[37m-->&amp#27;[39m &amp#27;[37mPOST&amp#27;[39m &amp#27;[37m/session&amp#27;[39m &amp#27;[90m{"capabilities":{"firstMatch":[{}],"alwaysMatch":{"appium:app":"/home/wadmin/Downloads/Mobile_automation1 (1)/Mobile_automation/src/main/resources/app/Rooms_v23_03_26_STAGING.apk","appium:appActivity":"com.roomservice.realstate.Ui.SplashScreen2","appium:appPackage":"com.roomservice.realstate","appium:automationName":"UiAutomator2","appium:newCommandTimeout":300,"platformName":"ANDROID"}}}&amp#27;[39m
&amp#27;[38;5;112m[Appium]&amp#27;[0m Attempting to find matching driver for automationName 'UiAutomator2' and platformName 'ANDROID'
&amp#27;[38;5;112m[Appium]&amp#27;[0m The 'uiautomator2' driver was installed and matched caps.
&amp#27;[38;5;112m[Appium]&amp#27;[0m Will require it at /home/wadmin/node_modules/appium-uiautomator2-driver
&amp#27;[38;5;137m[AppiumDriver@3549]&amp#27;[0m Appium v3.2.2 creating new AndroidUiautomator2Driver (v4.2.3) session
&amp#27;[38;5;137m[AppiumDriver@3549]&amp#27;[0m Checking BaseDriver versions for Appium and AndroidUiautomator2Driver
&amp#27;[38;5;137m[AppiumDriver@3549]&amp#27;[0m Appium's BaseDriver version is 10.2.2
&amp#27;[38;5;137m[AppiumDriver@3549]&amp#27;[0m AndroidUiautomator2Driver's BaseDriver version is 9.16.4
&amp#27;[38;5;115m[20f0c7cd]&amp#27;[0m&amp#27;[38;5;-121m[AndroidUiautomator2Driver@7098]&amp#27;[0m Session created with session id: 20f0c7cd-5076-4ca6-b7aa-729c574257bb
&amp#27;[38;5;115m[20f0c7cd]&amp#27;[0m&amp#27;[38;5;229m[ADB]&amp#27;[0m Using 'adb' from '/home/wadmin/android-sdk/platform-tools/adb'
&amp#27;[38;5;115m[20f0c7cd]&amp#27;[0m&amp#27;[38;5;-121m[AndroidUiautomator2Driver@7098]&amp#27;[0m Retrieving device list
&amp#27;[38;5;115m[20f0c7cd]&amp#27;[0m&amp#27;[38;5;-121m[AndroidUiautomator2Driver@7098]&amp#27;[0m Using device: emulator-5554
&amp#27;[38;5;115m[20f0c7cd]&amp#27;[0m&amp#27;[38;5;229m[ADB]&amp#27;[0m Using 'adb' from '/home/wadmin/android-sdk/platform-tools/adb'
&amp#27;[38;5;115m[20f0c7cd]&amp#27;[0m&amp#27;[38;5;123m[BaseDriver]&amp#27;[0m Using local app '/home/wadmin/Downloads/Mobile_automation1 (1)/Mobile_automation/src/main/resources/app/Rooms_v23_03_26_STAGING.apk'
&amp#27;[38;5;115m[20f0c7cd]&amp#27;[0m&amp#27;[38;5;229m[ADB]&amp#27;[0m Getting device platform version
&amp#27;[38;5;115m[20f0c7cd]&amp#27;[0m&amp#27;[38;5;-121m[AndroidUiautomator2Driver@7098]&amp#27;[0m Relaxing hidden api policy
&amp#27;[38;5;115m[20f0c7cd]&amp#27;[0m&amp#27;[38;5;229m[ADB]&amp#27;[0m Using 'aapt2' from '/home/wadmin/android-sdk/build-tools/29.0.3/aapt2'
&amp#27;[38;5;115m[20f0c7cd]&amp#27;[0m&amp#27;[38;5;-121m[AndroidUiautomator2Driver@7098]&amp#27;[0m Server packages are not going to be (re)installed
&amp#27;[38;5;115m[20f0c7cd]&amp#27;[0m&amp#27;[38;5;229m[ADB]&amp#27;[0m Adding packages ["io.appium.settings","io.appium.uiautomator2.server","io.appium.uiautomator2.server.test"] to Doze whitelist
&amp#27;[38;5;115m[20f0c7cd]&amp#27;[0m&amp#27;[38;5;-121m[AndroidUiautomator2Driver@7098]&amp#27;[0m Performing fast reset on 'com.roomservice.realstate'
&amp#27;[38;5;115m[20f0c7cd]&amp#27;[0m&amp#27;[38;5;-121m[AndroidUiautomator2Driver@7098]&amp#27;[0m Starting UIAutomator2 server 7.5.2
&amp#27;[38;5;115m[20f0c7cd]&amp#27;[0m&amp#27;[38;5;-121m[AndroidUiautomator2Driver@7098]&amp#27;[0m Using UIAutomator2 server from '/home/wadmin/node_modules/appium-uiautomator2-driver/node_modules/appium-uiautomator2-server/apks/appium-uiautomator2-server-v7.5.2.apk' and test from '/home/wadmin/node_modules/appium-uiautomator2-driver/node_modules/appium-uiautomator2-server/apks/appium-uiautomator2-server-debug-androidTest.apk'
&amp#27;[38;5;115m[20f0c7cd]&amp#27;[0m&amp#27;[38;5;-121m[AndroidUiautomator2Driver@7098]&amp#27;[0m Waiting up to 30000ms for UiAutomator2 to be online...
&amp#27;[38;5;115m[20f0c7cd]&amp#27;[0m&amp#27;[38;5;-121m[AndroidUiautomator2Driver@7098]&amp#27;[0m socket hang up
&amp#27;[38;5;115m[20f0c7cd]&amp#27;[0m&amp#27;[38;5;-121m[AndroidUiautomator2Driver@7098]&amp#27;[0m socket hang up
&amp#27;[38;5;115m[20f0c7cd]&amp#27;[0m&amp#27;[38;5;-121m[AndroidUiautomator2Driver@7098]&amp#27;[0m socket hang up
&amp#27;[38;5;115m[20f0c7cd]&amp#27;[0m&amp#27;[38;5;-121m[AndroidUiautomator2Driver@7098]&amp#27;[0m Determined the downstream protocol as 'W3C'
&amp#27;[38;5;115m[20f0c7cd]&amp#27;[0m&amp#27;[38;5;-121m[AndroidUiautomator2Driver@7098]&amp#27;[0m Screen already unlocked, doing nothing
&amp#27;[38;5;115m[20f0c7cd]&amp#27;[0m&amp#27;[38;5;-121m[AndroidUiautomator2Driver@7098]&amp#27;[0m Starting 'com.roomservice.realstate/com.roomservice.realstate.Ui.SplashScreen2' and waiting for 'com.roomservice.realstate/com.roomservice.realstate.Ui.SplashScreen2'
&amp#27;[38;5;115m[20f0c7cd]&amp#27;[0m&amp#27;[38;5;137m[AppiumDriver@3549]&amp#27;[0m New AndroidUiautomator2Driver session created successfully, session 20f0c7cd-5076-4ca6-b7aa-729c574257bb added to master session list
&amp#27;[38;5;115m[20f0c7cd]&amp#27;[0m&amp#27;[38;5;86m[HTTP]&amp#27;[0m &amp#27;[37m<-- POST /session &amp#27;[39m&amp#27;[32m200&amp#27;[39m &amp#27;[90m10839 ms - 1217&amp#27;[39m
&amp#27;[38;5;115m[20f0c7cd]&amp#27;[0m&amp#27;[38;5;86m[HTTP]&amp#27;[0m &amp#27;[37m-->&amp#27;[39m &amp#27;[37mPOST&amp#27;[39m &amp#27;[37m/session/20f0c7cd-5076-4ca6-b7aa-729c574257bb/timeouts&amp#27;[39m &amp#27;[90m{"implicit":10000}&amp#27;[39m
&amp#27;[38;5;115m[20f0c7cd]&amp#27;[0m&amp#27;[38;5;86m[HTTP]&amp#27;[0m &amp#27;[37m<-- POST /session/20f0c7cd-5076-4ca6-b7aa-729c574257bb/timeouts &amp#27;[39m&amp#27;[32m200&amp#27;[39m &amp#27;[90m7 ms - 14&amp#27;[39m
2026-04-24 11:10:13.495 [main] INFO  com.mobile.framework.drivers.DriverFactory - Appium Driver initialized successfully for null
2026-04-24 11:10:13.497 [main] INFO  com.mobile.framework.base.BaseTest - Driver initialized successfully for device: null
2026-04-24 11:10:13.501 [main] INFO  com.mobile.framework.tests.ResponsiveTest - >>> Validating: S23 Ultra (Android 13)
2026-04-24 11:10:13.509 [main] INFO  com.mobile.framework.utilities.LocalDeviceManager - Set resolution to 1440x3088 for emulator-5554
2026-04-24 11:10:13.520 [main] INFO  com.mobile.framework.utilities.LocalDeviceManager - Set density to 600 for emulator-5554
2026-04-24 11:10:13.522 [main] INFO  com.mobile.framework.drivers.DriverFactory - Initializing Appium Driver for S23 Ultra (Android 13)...
&amp#27;[38;5;86m[HTTP]&amp#27;[0m &amp#27;[37m-->&amp#27;[39m &amp#27;[37mPOST&amp#27;[39m &amp#27;[37m/session&amp#27;[39m &amp#27;[90m{"capabilities":{"firstMatch":[{}],"alwaysMatch":{"appium:app":"/home/wadmin/Downloads/Mobile_automation1 (1)/Mobile_automation/src/main/resources/app/Rooms_v23_03_26_STAGING.apk","appium:appActivity":"com.roomservice.realstate.Ui.SplashScreen2","appium:appPackage":"com.roomservice.realstate","appium:automationName":"UiAutomator2","appium:deviceName":"emulator-5554","appium:newCommandTimeout":300,"appium:udid":"emulator-5554","platformName":"ANDROID"}}}&amp#27;[39m
&amp#27;[38;5;112m[Appium]&amp#27;[0m Attempting to find matching driver for automationName 'UiAutomator2' and platformName 'ANDROID'
&amp#27;[38;5;112m[Appium]&amp#27;[0m The 'uiautomator2' driver was installed and matched caps.
&amp#27;[38;5;112m[Appium]&amp#27;[0m Will require it at /home/wadmin/node_modules/appium-uiautomator2-driver
&amp#27;[38;5;137m[AppiumDriver@3549]&amp#27;[0m Appium v3.2.2 creating new AndroidUiautomator2Driver (v4.2.3) session
&amp#27;[38;5;137m[AppiumDriver@3549]&amp#27;[0m Checking BaseDriver versions for Appium and AndroidUiautomator2Driver
&amp#27;[38;5;137m[AppiumDriver@3549]&amp#27;[0m Appium's BaseDriver version is 10.2.2
&amp#27;[38;5;137m[AppiumDriver@3549]&amp#27;[0m AndroidUiautomator2Driver's BaseDriver version is 9.16.4
&amp#27;[38;5;137m[AppiumDriver@3549]&amp#27;[0m Removing session 20f0c7cd-5076-4ca6-b7aa-729c574257bb from our master session list
&amp#27;[38;5;-121m[AndroidUiautomator2Driver@7098]&amp#27;[0m Restoring hidden api policy to the device default configuration
&amp#27;[38;5;49m[114c1a0d]&amp#27;[0m&amp#27;[38;5;-185m[AndroidUiautomator2Driver@7ca3]&amp#27;[0m Session created with session id: 114c1a0d-b6a1-46b0-938a-11d13570d1cd
&amp#27;[38;5;49m[114c1a0d]&amp#27;[0m&amp#27;[38;5;229m[ADB]&amp#27;[0m Using 'adb' from '/home/wadmin/android-sdk/platform-tools/adb'
&amp#27;[38;5;49m[114c1a0d]&amp#27;[0m&amp#27;[38;5;-185m[AndroidUiautomator2Driver@7ca3]&amp#27;[0m Retrieving device list
&amp#27;[38;5;49m[114c1a0d]&amp#27;[0m&amp#27;[38;5;-185m[AndroidUiautomator2Driver@7ca3]&amp#27;[0m Using device: emulator-5554
&amp#27;[38;5;49m[114c1a0d]&amp#27;[0m&amp#27;[38;5;229m[ADB]&amp#27;[0m Using 'adb' from '/home/wadmin/android-sdk/platform-tools/adb'
&amp#27;[38;5;49m[114c1a0d]&amp#27;[0m&amp#27;[38;5;123m[BaseDriver]&amp#27;[0m Using local app '/home/wadmin/Downloads/Mobile_automation1 (1)/Mobile_automation/src/main/resources/app/Rooms_v23_03_26_STAGING.apk'
&amp#27;[38;5;49m[114c1a0d]&amp#27;[0m&amp#27;[38;5;229m[ADB]&amp#27;[0m Getting device platform version
&amp#27;[38;5;49m[114c1a0d]&amp#27;[0m&amp#27;[38;5;-185m[AndroidUiautomator2Driver@7ca3]&amp#27;[0m Relaxing hidden api policy
[...]
2026-04-24 11:12:35.925 [main] INFO  com.mobile.framework.drivers.DriverFactory - Appium Driver initialized successfully for Future Device (Android 16)
&amp#27;[38;5;116m[31a4a5e2]&amp#27;[0m&amp#27;[38;5;86m[HTTP]&amp#27;[0m &amp#27;[37m-->&amp#27;[39m &amp#27;[37mGET&amp#27;[39m &amp#27;[37m/session/31a4a5e2-a506-41be-9a2a-14071cd39c2b/window/rect&amp#27;[39m &amp#27;[90m&amp#27;[39m
&amp#27;[38;5;116m[31a4a5e2]&amp#27;[0m&amp#27;[38;5;86m[HTTP]&amp#27;[0m &amp#27;[37m<-- GET /session/31a4a5e2-a506-41be-9a2a-14071cd39c2b/window/rect &amp#27;[39m&amp#27;[32m200&amp#27;[39m &amp#27;[90m29 ms - 50&amp#27;[39m
&amp#27;[38;5;116m[31a4a5e2]&amp#27;[0m&amp#27;[38;5;86m[HTTP]&amp#27;[0m &amp#27;[37m-->&amp#27;[39m &amp#27;[37mPOST&amp#27;[39m &amp#27;[37m/session/31a4a5e2-a506-41be-9a2a-14071cd39c2b/element&amp#27;[39m &amp#27;[90m{"using":"id","value":"com.android.permissioncontroller:id/permission_allow_button"}&amp#27;[39m
&amp#27;[38;5;116m[31a4a5e2]&amp#27;[0m&amp#27;[38;5;5m[AndroidUiautomator2Driver@dd4d]&amp#27;[0m Got response with status 404: {"sessionId":"c59863de-0c49-470d-bce2-8c6379ed12b3","value":{"error":"no such element","message":"An element could not be located on the page using the given search parameters","stacktrace":"io.appium.uiautomator2.common.exceptions.ElementNotFoundException: An element could not be located on the page using the given search parameters\n\tat io.appium.uiautomator2.handler.FindElement.safeHandle(FindElement.java:63)\n\tat io.appium.uiautomator2.handler.request.SafeRequestHandler.handle(SafeRequestHandler.java:59)\n\tat io.appium.uiautomator2.server.AppiumServlet.handleRequest(AppiumServlet.java:259)\n\tat io.appium.uiautomator2.server.AppiumServlet.handleHttpRequest(AppiumServlet.java:253)\n\tat io.appium.uiautomator2.http.ServerHandler.channelRead(ServerHandler.java:77)\n\tat io.netty.channel.AbstractChannelHandlerContext.invokeChannelRead(AbstractChannelHandlerContext.java:374)\n\tat io.netty.channel.AbstractChannelHandlerContext.invokeChannelRead(AbstractChannelHandlerContext.java:360)\n\tat io.netty.chann...
&amp#27;[38;5;116m[31a4a5e2]&amp#27;[0m&amp#27;[38;5;5m[AndroidUiautomator2Driver@dd4d]&amp#27;[0m Got response with status 404: {"sessionId":"c59863de-0c49-470d-bce2-8c6379ed12b3","value":{"error":"no such element","message":"An element could not be located on the page using the given search parameters","stacktrace":"io.appium.uiautomator2.common.exceptions.ElementNotFoundException: An element could not be located on the page using the given search parameters\n\tat io.appium.uiautomator2.handler.FindElement.safeHandle(FindElement.java:63)\n\tat io.appium.uiautomator2.handler.request.SafeRequestHandler.handle(SafeRequestHandler.java:59)\n\tat io.appium.uiautomator2.server.AppiumServlet.handleRequest(AppiumServlet.java:259)\n\tat io.appium.uiautomator2.server.AppiumServlet.handleHttpRequest(AppiumServlet.java:253)\n\tat io.appium.uiautomator2.http.ServerHandler.channelRead(ServerHandler.java:77)\n\tat io.netty.channel.AbstractChannelHandlerContext.invokeChannelRead(AbstractChannelHandlerContext.java:374)\n\tat io.netty.channel.AbstractChannelHandlerContext.invokeChannelRead(AbstractChannelHandlerContext.java:360)\n\tat io.netty.chann...
&amp#27;[38;5;116m[31a4a5e2]&amp#27;[0m&amp#27;[38;5;5m[AndroidUiautomator2Driver@dd4d]&amp#27;[0m Got response with status 404: {"sessionId":"c59863de-0c49-470d-bce2-8c6379ed12b3","value":{"error":"no such element","message":"An element could not be located on the page using the given search parameters","stacktrace":"io.appium.uiautomator2.common.exceptions.ElementNotFoundException: An element could not be located on the page using the given search parameters\n\tat io.appium.uiautomator2.handler.FindElement.safeHandle(FindElement.java:63)\n\tat io.appium.uiautomator2.handler.request.SafeRequestHandler.handle(SafeRequestHandler.java:59)\n\tat io.appium.uiautomator2.server.AppiumServlet.handleRequest(AppiumServlet.java:259)\n\tat io.appium.uiautomator2.server.AppiumServlet.handleHttpRequest(AppiumServlet.java:253)\n\tat io.appium.uiautomator2.http.ServerHandler.channelRead(ServerHandler.java:77)\n\tat io.netty.channel.AbstractChannelHandlerContext.invokeChannelRead(AbstractChannelHandlerContext.java:374)\n\tat io.netty.channel.AbstractChannelHandlerContext.invokeChannelRead(AbstractChannelHandlerContext.java:360)\n\tat io.netty.chann...
&amp#27;[38;5;116m[31a4a5e2]&amp#27;[0m&amp#27;[38;5;5m[AndroidUiautomator2Driver@dd4d]&amp#27;[0m Got response with status 404: {"sessionId":"c59863de-0c49-470d-bce2-8c6379ed12b3","value":{"error":"no such element","message":"An element could not be located on the page using the given search parameters","stacktrace":"io.appium.uiautomator2.common.exceptions.ElementNotFoundException: An element could not be located on the page using the given search parameters\n\tat io.appium.uiautomator2.handler.FindElement.safeHandle(FindElement.java:63)\n\tat io.appium.uiautomator2.handler.request.SafeRequestHandler.handle(SafeRequestHandler.java:59)\n\tat io.appium.uiautomator2.server.AppiumServlet.handleRequest(AppiumServlet.java:259)\n\tat io.appium.uiautomator2.server.AppiumServlet.handleHttpRequest(AppiumServlet.java:253)\n\tat io.appium.uiautomator2.http.ServerHandler.channelRead(ServerHandler.java:77)\n\tat io.netty.channel.AbstractChannelHandlerContext.invokeChannelRead(AbstractChannelHandlerContext.java:374)\n\tat io.netty.channel.AbstractChannelHandlerContext.invokeChannelRead(AbstractChannelHandlerContext.java:360)\n\tat io.netty.chann...
&amp#27;[38;5;116m[31a4a5e2]&amp#27;[0m&amp#27;[38;5;5m[AndroidUiautomator2Driver@dd4d]&amp#27;[0m Got response with status 404: {"sessionId":"c59863de-0c49-470d-bce2-8c6379ed12b3","value":{"error":"no such element","message":"An element could not be located on the page using the given search parameters","stacktrace":"io.appium.uiautomator2.common.exceptions.ElementNotFoundException: An element could not be located on the page using the given search parameters\n\tat io.appium.uiautomator2.handler.FindElement.safeHandle(FindElement.java:63)\n\tat io.appium.uiautomator2.handler.request.SafeRequestHandler.handle(SafeRequestHandler.java:59)\n\tat io.appium.uiautomator2.server.AppiumServlet.handleRequest(AppiumServlet.java:259)\n\tat io.appium.uiautomator2.server.AppiumServlet.handleHttpRequest(AppiumServlet.java:253)\n\tat io.appium.uiautomator2.http.ServerHandler.channelRead(ServerHandler.java:77)\n\tat io.netty.channel.AbstractChannelHandlerContext.invokeChannelRead(AbstractChannelHandlerContext.java:374)\n\tat io.netty.channel.AbstractChannelHandlerContext.invokeChannelRead(AbstractChannelHandlerContext.java:360)\n\tat io.netty.chann...
&amp#27;[38;5;116m[31a4a5e2]&amp#27;[0m&amp#27;[38;5;5m[AndroidUiautomator2Driver@dd4d]&amp#27;[0m Got response with status 404: {"sessionId":"c59863de-0c49-470d-bce2-8c6379ed12b3","value":{"error":"no such element","message":"An element could not be located on the page using the given search parameters","stacktrace":"io.appium.uiautomator2.common.exceptions.ElementNotFoundException: An element could not be located on the page using the given search parameters\n\tat io.appium.uiautomator2.handler.FindElement.safeHandle(FindElement.java:63)\n\tat io.appium.uiautomator2.handler.request.SafeRequestHandler.handle(SafeRequestHandler.java:59)\n\tat io.appium.uiautomator2.server.AppiumServlet.handleRequest(AppiumServlet.java:259)\n\tat io.appium.uiautomator2.server.AppiumServlet.handleHttpRequest(AppiumServlet.java:253)\n\tat io.appium.uiautomator2.http.ServerHandler.channelRead(ServerHandler.java:77)\n\tat io.netty.channel.AbstractChannelHandlerContext.invokeChannelRead(AbstractChannelHandlerContext.java:374)\n\tat io.netty.channel.AbstractChannelHandlerContext.invokeChannelRead(AbstractChannelHandlerContext.java:360)\n\tat io.netty.chann...
&amp#27;[38;5;116m[31a4a5e2]&amp#27;[0m&amp#27;[38;5;5m[AndroidUiautomator2Driver@dd4d]&amp#27;[0m Got response with status 404: {"sessionId":"c59863de-0c49-470d-bce2-8c6379ed12b3","value":{"error":"no such element","message":"An element could not be located on the page using the given search parameters","stacktrace":"io.appium.uiautomator2.common.exceptions.ElementNotFoundException: An element could not be located on the page using the given search parameters\n\tat io.appium.uiautomator2.handler.FindElement.safeHandle(FindElement.java:63)\n\tat io.appium.uiautomator2.handler.request.SafeRequestHandler.handle(SafeRequestHandler.java:59)\n\tat io.appium.uiautomator2.server.AppiumServlet.handleRequest(AppiumServlet.java:259)\n\tat io.appium.uiautomator2.server.AppiumServlet.handleHttpRequest(AppiumServlet.java:253)\n\tat io.appium.uiautomator2.http.ServerHandler.channelRead(ServerHandler.java:77)\n\tat io.netty.channel.AbstractChannelHandlerContext.invokeChannelRead(AbstractChannelHandlerContext.java:374)\n\tat io.netty.channel.AbstractChannelHandlerContext.invokeChannelRead(AbstractChannelHandlerContext.java:360)\n\tat io.netty.chann...
&amp#27;[38;5;116m[31a4a5e2]&amp#27;[0m&amp#27;[38;5;5m[AndroidUiautomator2Driver@dd4d]&amp#27;[0m Got response with status 404: {"sessionId":"c59863de-0c49-470d-bce2-8c6379ed12b3","value":{"error":"no such element","message":"An element could not be located on the page using the given search parameters","stacktrace":"io.appium.uiautomator2.common.exceptions.ElementNotFoundException: An element could not be located on the page using the given search parameters\n\tat io.appium.uiautomator2.handler.FindElement.safeHandle(FindElement.java:63)\n\tat io.appium.uiautomator2.handler.request.SafeRequestHandler.handle(SafeRequestHandler.java:59)\n\tat io.appium.uiautomator2.server.AppiumServlet.handleRequest(AppiumServlet.java:259)\n\tat io.appium.uiautomator2.server.AppiumServlet.handleHttpRequest(AppiumServlet.java:253)\n\tat io.appium.uiautomator2.http.ServerHandler.channelRead(ServerHandler.java:77)\n\tat io.netty.channel.AbstractChannelHandlerContext.invokeChannelRead(AbstractChannelHandlerContext.java:374)\n\tat io.netty.channel.AbstractChannelHandlerContext.invokeChannelRead(AbstractChannelHandlerContext.java:360)\n\tat io.netty.chann...
&amp#27;[38;5;116m[31a4a5e2]&amp#27;[0m&amp#27;[38;5;5m[AndroidUiautomator2Driver@dd4d]&amp#27;[0m Got response with status 404: {"sessionId":"c59863de-0c49-470d-bce2-8c6379ed12b3","value":{"error":"no such element","message":"An element could not be located on the page using the given search parameters","stacktrace":"io.appium.uiautomator2.common.exceptions.ElementNotFoundException: An element could not be located on the page using the given search parameters\n\tat io.appium.uiautomator2.handler.FindElement.safeHandle(FindElement.java:63)\n\tat io.appium.uiautomator2.handler.request.SafeRequestHandler.handle(SafeRequestHandler.java:59)\n\tat io.appium.uiautomator2.server.AppiumServlet.handleRequest(AppiumServlet.java:259)\n\tat io.appium.uiautomator2.server.AppiumServlet.handleHttpRequest(AppiumServlet.java:253)\n\tat io.appium.uiautomator2.http.ServerHandler.channelRead(ServerHandler.java:77)\n\tat io.netty.channel.AbstractChannelHandlerContext.invokeChannelRead(AbstractChannelHandlerContext.java:374)\n\tat io.netty.channel.AbstractChannelHandlerContext.invokeChannelRead(AbstractChannelHandlerContext.java:360)\n\tat io.netty.chann...
&amp#27;[38;5;116m[31a4a5e2]&amp#27;[0m&amp#27;[38;5;5m[AndroidUiautomator2Driver@dd4d]&amp#27;[0m Got response with status 404: {"sessionId":"c59863de-0c49-470d-bce2-8c6379ed12b3","value":{"error":"no such element","message":"An element could not be located on the page using the given search parameters","stacktrace":"io.appium.uiautomator2.common.exceptions.ElementNotFoundException: An element could not be located on the page using the given search parameters\n\tat io.appium.uiautomator2.handler.FindElement.safeHandle(FindElement.java:63)\n\tat io.appium.uiautomator2.handler.request.SafeRequestHandler.handle(SafeRequestHandler.java:59)\n\tat io.appium.uiautomator2.server.AppiumServlet.handleRequest(AppiumServlet.java:259)\n\tat io.appium.uiautomator2.server.AppiumServlet.handleHttpRequest(AppiumServlet.java:253)\n\tat io.appium.uiautomator2.http.ServerHandler.channelRead(ServerHandler.java:77)\n\tat io.netty.channel.AbstractChannelHandlerContext.invokeChannelRead(AbstractChannelHandlerContext.java:374)\n\tat io.netty.channel.AbstractChannelHandlerContext.invokeChannelRead(AbstractChannelHandlerContext.java:360)\n\tat io.netty.chann...
&amp#27;[38;5;116m[31a4a5e2]&amp#27;[0m&amp#27;[38;5;86m[HTTP]&amp#27;[0m &amp#27;[37m<-- POST /session/31a4a5e2-a506-41be-9a2a-14071cd39c2b/element &amp#27;[39m&amp#27;[33m404&amp#27;[39m &amp#27;[90m10046 ms - 839&amp#27;[39m
2026-04-24 11:12:46.364 [main] ERROR com.mobile.framework.utilities.WaitUtility - Element not visible within 5 seconds: By.id: com.android.permissioncontroller:id/permission_allow_button
2026-04-24 11:12:46.364 [main] INFO  com.mobile.framework.utilities.CommonActionsUtility - Permission dialog not present or already handled
&amp#27;[38;5;116m[31a4a5e2]&amp#27;[0m&amp#27;[38;5;86m[HTTP]&amp#27;[0m &amp#27;[37m-->&amp#27;[39m &amp#27;[37mGET&amp#27;[39m &amp#27;[37m/session/31a4a5e2-a506-41be-9a2a-14071cd39c2b/window/rect&amp#27;[39m &amp#27;[90m&amp#27;[39m
&amp#27;[38;5;116m[31a4a5e2]&amp#27;[0m&amp#27;[38;5;86m[HTTP]&amp#27;[0m &amp#27;[37m<-- GET /session/31a4a5e2-a506-41be-9a2a-14071cd39c2b/window/rect &amp#27;[39m&amp#27;[32m200&amp#27;[39m &amp#27;[90m38 ms - 50&amp#27;[39m
&amp#27;[38;5;116m[31a4a5e2]&amp#27;[0m&amp#27;[38;5;86m[HTTP]&amp#27;[0m &amp#27;[37m-->&amp#27;[39m &amp#27;[37mPOST&amp#27;[39m &amp#27;[37m/session/31a4a5e2-a506-41be-9a2a-14071cd39c2b/actions&amp#27;[39m &amp#27;[90m{"actions":[{"id":"finger","type":"pointer","parameters":{"pointerType":"touch"},"actions":[{"duration":0,"type":"pause"},{"duration":0,"x":288,"y":1600,"type":"pointerMove","origin":"viewport"},{"button":0,"type":"pointerDown"},{"duration":600,"x":1152,"y":1600,"type":"pointerMove","origin":"viewport"},{"button":0,"type":"pointerUp"}]}]}&amp#27;[39m
&amp#27;[38;5;116m[31a4a5e2]&amp#27;[0m&amp#27;[38;5;86m[HTTP]&amp#27;[0m &amp#27;[37m<-- POST /session/31a4a5e2-a506-41be-9a2a-14071cd39c2b/actions &amp#27;[39m&amp#27;[32m200&amp#27;[39m &amp#27;[90m856 ms - 14&amp#27;[39m
2026-04-24 11:12:47.294 [main] INFO  com.mobile.framework.utilities.CommonActionsUtility - Swiped from (288,1600) to (1152,1600)
2026-04-24 11:12:47.294 [main] INFO  com.mobile.framework.pages.BasePage - Performed onboarding slide 1
&amp#27;[38;5;116m[31a4a5e2]&amp#27;[0m&amp#27;[38;5;86m[HTTP]&amp#27;[0m &amp#27;[37m-->&amp#27;[39m &amp#27;[37mGET&amp#27;[39m &amp#27;[37m/session/31a4a5e2-a506-41be-9a2a-14071cd39c2b/window/rect&amp#27;[39m &amp#27;[90m&amp#27;[39m
&amp#27;[38;5;116m[31a4a5e2]&amp#27;[0m&amp#27;[38;5;86m[HTTP]&amp#27;[0m &amp#27;[37m<-- GET /session/31a4a5e2-a506-41be-9a2a-14071cd39c2b/window/rect &amp#27;[39m&amp#27;[32m200&amp#27;[39m &amp#27;[90m44 ms - 50&amp#27;[39m
&amp#27;[38;5;116m[31a4a5e2]&amp#27;[0m&amp#27;[38;5;86m[HTTP]&amp#27;[0m &amp#27;[37m-->&amp#27;[39m &amp#27;[37mPOST&amp#27;[39m &amp#27;[37m/session/31a4a5e2-a506-41be-9a2a-14071cd39c2b/actions&amp#27;[39m &amp#27;[90m{"actions":[{"id":"finger","type":"pointer","parameters":{"pointerType":"touch"},"actions":[{"duration":0,"type":"pause"},{"duration":0,"x":288,"y":1600,"type":"pointerMove","origin":"viewport"},{"button":0,"type":"pointerDown"},{"duration":600,"x":1152,"y":1600,"type":"pointerMove","origin":"viewport"},{"button":0,"type":"pointerUp"}]}]}&amp#27;[39m
&amp#27;[38;5;116m[31a4a5e2]&amp#27;[0m&amp#27;[38;5;86m[HTTP]&amp#27;[0m &amp#27;[37m<-- POST /session/31a4a5e2-a506-41be-9a2a-14071cd39c2b/actions &amp#27;[39m&amp#27;[32m200&amp#27;[39m &amp#27;[90m766 ms - 14&amp#27;[39m
2026-04-24 11:12:48.139 [main] INFO  com.mobile.framework.utilities.CommonActionsUtility - Swiped from (288,1600) to (1152,1600)
2026-04-24 11:12:48.148 [main] INFO  com.mobile.framework.pages.BasePage - Performed onboarding slide 2
&amp#27;[38;5;116m[31a4a5e2]&amp#27;[0m&amp#27;[38;5;86m[HTTP]&amp#27;[0m &amp#27;[37m-->&amp#27;[39m &amp#27;[37mGET&amp#27;[39m &amp#27;[37m/session/31a4a5e2-a506-41be-9a2a-14071cd39c2b/window/rect&amp#27;[39m &amp#27;[90m&amp#27;[39m
&amp#27;[38;5;116m[31a4a5e2]&amp#27;[0m&amp#27;[38;5;86m[HTTP]&amp#27;[0m &amp#27;[37m<-- GET /session/31a4a5e2-a506-41be-9a2a-14071cd39c2b/window/rect &amp#27;[39m&amp#27;[32m200&amp#27;[39m &amp#27;[90m25 ms - 50&amp#27;[39m
&amp#27;[38;5;116m[31a4a5e2]&amp#27;[0m&amp#27;[38;5;86m[HTTP]&amp#27;[0m &amp#27;[37m-->&amp#27;[39m &amp#27;[37mPOST&amp#27;[39m &amp#27;[37m/session/31a4a5e2-a506-41be-9a2a-14071cd39c2b/actions&amp#27;[39m &amp#27;[90m{"actions":[{"id":"finger","type":"pointer","parameters":{"pointerType":"touch"},"actions":[{"duration":0,"type":"pause"},{"duration":0,"x":288,"y":1600,"type":"pointerMove","origin":"viewport"},{"button":0,"type":"pointerDown"},{"duration":600,"x":1152,"y":1600,"type":"pointerMove","origin":"viewport"},{"button":0,"type":"pointerUp"}]}]}&amp#27;[39m
&amp#27;[38;5;116m[31a4a5e2]&amp#27;[0m&amp#27;[38;5;86m[HTTP]&amp#27;[0m &amp#27;[37m<-- POST /session/31a4a5e2-a506-41be-9a2a-14071cd39c2b/actions &amp#27;[39m&amp#27;[32m200&amp#27;[39m &amp#27;[90m783 ms - 14&amp#27;[39m
2026-04-24 11:12:48.984 [main] INFO  com.mobile.framework.utilities.CommonActionsUtility - Swiped from (288,1600) to (1152,1600)
2026-04-24 11:12:48.985 [main] INFO  com.mobile.framework.pages.BasePage - Performed onboarding slide 3
2026-04-24 11:12:48.985 [main] INFO  com.mobile.framework.tests.ResponsiveTest - [Future Device] Screen size: (1440, 3200)
&amp#27;[38;5;116m[31a4a5e2]&amp#27;[0m&amp#27;[38;5;86m[HTTP]&amp#27;[0m &amp#27;[37m-->&amp#27;[39m &amp#27;[37mGET&amp#27;[39m &amp#27;[37m/session/31a4a5e2-a506-41be-9a2a-14071cd39c2b/window/rect&amp#27;[39m &amp#27;[90m&amp#27;[39m
&amp#27;[38;5;116m[31a4a5e2]&amp#27;[0m&amp#27;[38;5;86m[HTTP]&amp#27;[0m &amp#27;[37m<-- GET /session/31a4a5e2-a506-41be-9a2a-14071cd39c2b/window/rect &amp#27;[39m&amp#27;[32m200&amp#27;[39m &amp#27;[90m25 ms - 50&amp#27;[39m
&amp#27;[38;5;116m[31a4a5e2]&amp#27;[0m&amp#27;[38;5;86m[HTTP]&amp#27;[0m &amp#27;[37m-->&amp#27;[39m &amp#27;[37mPOST&amp#27;[39m &amp#27;[37m/session/31a4a5e2-a506-41be-9a2a-14071cd39c2b/actions&amp#27;[39m &amp#27;[90m{"actions":[{"id":"finger","type":"pointer","parameters":{"pointerType":"touch"},"actions":[{"duration":0,"type":"pause"},{"duration":0,"x":720,"y":2560,"type":"pointerMove","origin":"viewport"},{"button":0,"type":"pointerDown"},{"duration":600,"x":720,"y":640,"type":"pointerMove","origin":"viewport"},{"button":0,"type":"pointerUp"}]}]}&amp#27;[39m
&amp#27;[38;5;116m[31a4a5e2]&amp#27;[0m&amp#27;[38;5;86m[HTTP]&amp#27;[0m &amp#27;[37m<-- POST /session/31a4a5e2-a506-41be-9a2a-14071cd39c2b/actions &amp#27;[39m&amp#27;[32m200&amp#27;[39m &amp#27;[90m983 ms - 14&amp#27;[39m
2026-04-24 11:12:50.038 [main] INFO  com.mobile.framework.utilities.ScrollUtility - Swiped from (720,2560) to (720,640)
&amp#27;[38;5;116m[31a4a5e2]&amp#27;[0m&amp#27;[38;5;86m[HTTP]&amp#27;[0m &amp#27;[37m-->&amp#27;[39m &amp#27;[37mDELETE&amp#27;[39m &amp#27;[37m/session/31a4a5e2-a506-41be-9a2a-14071cd39c2b&amp#27;[39m &amp#27;[90m&amp#27;[39m
&amp#27;[38;5;116m[31a4a5e2]&amp#27;[0m&amp#27;[38;5;137m[AppiumDriver@3549]&amp#27;[0m Removing session 31a4a5e2-a506-41be-9a2a-14071cd39c2b from our master session list
&amp#27;[38;5;116m[31a4a5e2]&amp#27;[0m&amp#27;[38;5;5m[AndroidUiautomator2Driver@dd4d]&amp#27;[0m Restoring hidden api policy to the device default configuration
&amp#27;[38;5;116m[31a4a5e2]&amp#27;[0m&amp#27;[38;5;86m[HTTP]&amp#27;[0m &amp#27;[37m<-- DELETE /session/31a4a5e2-a506-41be-9a2a-14071cd39c2b &amp#27;[39m&amp#27;[32m200&amp#27;[39m &amp#27;[90m1140 ms - 14&amp#27;[39m
2026-04-24 11:12:55.212 [main] INFO  com.mobile.framework.utilities.LocalDeviceManager - Reset display for emulator-5554
]]></system-out>
  </testcase>
</testsuite>